-- Selecting Windows SDK version 10.0.19041.0 to target Windows 10.0.19044.
-- The C compiler identification is MSVC 19.29.30145.0
-- The CXX compiler identification is MSVC 19.29.30145.0
-- Detecting C compiler ABI info
-- Detecting C compiler ABI info - done
-- Check for working C compiler: C:/Program Files (x86)/Microsoft Visual Studio/2019/Community/VC/Tools/MSVC/14.29.30133/bin/Hostx64/x64/cl.exe - skipped
-- Detecting C compile features
-- Detecting C compile features - done
-- Detecting CXX compiler ABI info
-- Detecting CXX compiler ABI info - done
-- Check for working CXX compiler: C:/Program Files (x86)/Microsoft Visual Studio/2019/Community/VC/Tools/MSVC/14.29.30133/bin/Hostx64/x64/cl.exe - skipped
-- Detecting CXX compile features
-- Detecting CXX compile features - done
-- Found ament_cmake: 0.9.8 (C:/Program Files/MATLAB/R2022a/sys/ros2/win64/ros2/share/ament_cmake/cmake)
-- Found PythonInterp: C:/Users/ifate/AppData/Roaming/MathWorks/MATLAB/R2022a/ros2/win64/venv/Scripts/python.exe (found suitable version "3.9.12", minimum required is "3") 
-- Using PYTHON_EXECUTABLE: C:/Users/ifate/AppData/Roaming/MathWorks/MATLAB/R2022a/ros2/win64/venv/Scripts/python.exe
-- Found ament_cmake_ros: 0.9.2 (C:/Program Files/MATLAB/R2022a/sys/ros2/win64/ros2/share/ament_cmake_ros/cmake)
-- Found rosidl_typesupport_c: 1.0.2 (C:/Program Files/MATLAB/R2022a/sys/ros2/win64/ros2/share/rosidl_typesupport_c/cmake)
-- Using all available rosidl_typesupport_c: rosidl_typesupport_fastrtps_c;rosidl_typesupport_introspection_c
-- Found rosidl_adapter: 1.2.1 (C:/Program Files/MATLAB/R2022a/sys/ros2/win64/ros2/share/rosidl_adapter/cmake)
-- Found FastRTPS: C:/Program Files/MATLAB/R2022a/sys/ros2/win64/ros2/include  
-- Found rosidl_typesupport_cpp: 1.0.2 (C:/Program Files/MATLAB/R2022a/sys/ros2/win64/ros2/share/rosidl_typesupport_cpp/cmake)
-- Using all available rosidl_typesupport_cpp: rosidl_typesupport_fastrtps_cpp;rosidl_typesupport_introspection_cpp
-- Found rosidl_default_generators: 1.0.1 (C:/Program Files/MATLAB/R2022a/sys/ros2/win64/ros2/share/rosidl_default_generators/cmake)
-- Found PythonInterp: C:/Users/ifate/AppData/Roaming/MathWorks/MATLAB/R2022a/ros2/win64/venv/Scripts/python.exe (found version "3.9.12") 
-- Using all available rosidl_typesupport_c: rosidl_typesupport_fastrtps_c;rosidl_typesupport_introspection_c
-- Using all available rosidl_typesupport_cpp: rosidl_typesupport_fastrtps_cpp;rosidl_typesupport_introspection_cpp
-- Found PythonInterp: C:/Users/ifate/AppData/Roaming/MathWorks/MATLAB/R2022a/ros2/win64/venv/Scripts/python.exe (found suitable version "3.9.12", minimum required is "3.5") 
-- Found python_cmake_module: 0.8.1 (C:/Program Files/MATLAB/R2022a/sys/ros2/win64/ros2/share/python_cmake_module/cmake)
-- Found PythonLibs: C:/Users/ifate/AppData/Roaming/MathWorks/MATLAB/R2022a/ros2/win64/venv/Scripts/libs/python39.lib (found suitable version "3.9.12", minimum required is "3.5") 
-- Using PYTHON_EXECUTABLE: C:/Users/ifate/AppData/Roaming/MathWorks/MATLAB/R2022a/ros2/win64/venv/Scripts/python.exe
-- Using PYTHON_INCLUDE_DIRS: C:/Users/ifate/AppData/Roaming/MathWorks/MATLAB/R2022a/ros2/win64/venv/Scripts/include
-- Using PYTHON_LIBRARIES: C:/Users/ifate/AppData/Roaming/MathWorks/MATLAB/R2022a/ros2/win64/venv/Scripts/libs/python39.lib
-- Found PythonExtra: .pyd  
-- Using numpy include directory: C:\Users\ifate\AppData\Roaming\MathWorks\MATLAB\R2022a\ros2\win64\venv\lib\site-packages\numpy\core\include
-- Configuring done
-- Generating done
-- Build files have been written to: C:/Users/ifate/Documents/MATLAB/airplay/simulink/build/ap_interfaces
用于 .NET Framework 的 Microsoft (R) 生成引擎版本 16.11.2+f32259642
版权所有(C) Microsoft Corporation。保留所有权利。

  Checking Build System
  Generating C++ code for ROS interfaces
  Building Custom Rule C:/Users/ifate/Documents/MATLAB/airplay/simulink/src/ap_interfaces/CMakeLists.txt
  Generating C code for ROS interfaces
  Building Custom Rule C:/Users/ifate/Documents/MATLAB/airplay/simulink/src/ap_interfaces/CMakeLists.txt
  用于 x64 的 Microsoft (R) C/C++ 优化编译器 19.29.30145 版
  版权所有(C) Microsoft Corporation。保留所有权利。
  pos__functions.c
  cl /c /IC:\Users\ifate\Documents\MATLAB\airplay\simulink\src\ap_interfaces\include\ap_interfaces /IC:\Users\ifate\Documents\MATLAB\airplay\simulink\build\ap_interfaces\rosidl_generator_c /I"C:\Program Files\MATLAB\R2022a\sys\ros2\win64\ros2\include" /W3 /WX- /diagnostics:column /O2 /Ob2 /D _WINDLL /D _MBCS /D WIN32 /D _WINDOWS /D NDEBUG /D ROSIDL_GENERATOR_C_BUILDING_DLL_ap_interfaces /D "ROS_PACKAGE_NAME=\"ap_interfaces\"" /D "CMAKE_INTDIR=\"Release\"" /D ap_interfaces__rosidl_generator_c_EXPORTS /Gm- /MD /GS /fp:precise /Zc:wchar_t /Zc:forScope /Zc:inline /Fo"ap_interfaces__rosidl_generator_c.dir\Release\\" /Fd"ap_interfaces__rosidl_generator_c.dir\Release\vc142.pdb" /external:W3 /Gd /TC /errorReport:queue C:\Users\ifate\Documents\MATLAB\airplay\simulink\build\ap_interfaces\rosidl_generator_c\ap_interfaces\msg\detail\pos__functions.c
    正在创建库 C:/Users/ifate/Documents/MATLAB/airplay/simulink/build/ap_interfaces/Release/ap_interfaces__rosidl_generator_c.lib 和对象 C:/Users/ifate/Documents/MATLAB/airplay/simulink/build/ap_interfaces/Release/ap_interfaces__rosidl_generator_c.exp
  ap_interfaces__rosidl_generator_c.vcxproj -> C:\Users\ifate\Documents\MATLAB\airplay\simulink\build\ap_interfaces\Release\ap_interfaces__rosidl_generator_c.dll
  Generating C type support dispatch for ROS interfaces
  Building Custom Rule C:/Users/ifate/Documents/MATLAB/airplay/simulink/src/ap_interfaces/CMakeLists.txt
  用于 x64 的 Microsoft (R) C/C++ 优化编译器 19.29.30145 版
  版权所有(C) Microsoft Corporation。保留所有权利。
  cl /c /IC:\Users\ifate\Documents\MATLAB\airplay\simulink\src\ap_interfaces\include\ap_interfaces /IC:\Users\ifate\Documents\MATLAB\airplay\simulink\build\ap_interfaces\rosidl_generator_c /IC:\Users\ifate\Documents\MATLAB\airplay\simulink\build\ap_interfaces\rosidl_typesupport_c /I"C:\Program Files\MATLAB\R2022a\sys\ros2\win64\ros2\include" /W3 /WX- /diagnostics:column /O2 /Ob2 /D _WINDLL /D _MBCS /D WIN32 /D _WINDOWS /D NDEBUG /D ROSIDL_GENERATOR_C_BUILDING_DLL_ap_interfaces /D ROSIDL_TYPESUPPORT_C_BUILDING_DLL_ap_interfaces /D "ROS_PACKAGE_NAME=\"ap_interfaces\"" /D "CMAKE_INTDIR=\"Release\"" /D ap_interfaces__rosidl_typesupport_c_EXPORTS /Gm- /EHsc /MD /GS /fp:precise /Zc:wchar_t /Zc:forScope /Zc:inline /GR /std:c++14 /Fo"ap_interfaces__rosidl_typesupport_c.dir\Release\\" /Fd"ap_interfaces__rosidl_typesupport_c.dir\Release\vc142.pdb" /external:W3 /Gd /TP /errorReport:queue C:\Users\ifate\Documents\MATLAB\airplay\simulink\build\ap_interfaces\rosidl_typesupport_c\ap_interfaces\msg\pos__type_support.cpp
  pos__type_support.cpp
    正在创建库 C:/Users/ifate/Documents/MATLAB/airplay/simulink/build/ap_interfaces/Release/ap_interfaces__rosidl_typesupport_c.lib 和对象 C:/Users/ifate/Documents/MATLAB/airplay/simulink/build/ap_interfaces/Release/ap_interfaces__rosidl_typesupport_c.exp
  ap_interfaces__rosidl_typesupport_c.vcxproj -> C:\Users\ifate\Documents\MATLAB\airplay\simulink\build\ap_interfaces\Release\ap_interfaces__rosidl_typesupport_c.dll
  Generating C++ type support dispatch for ROS interfaces
  Building Custom Rule C:/Users/ifate/Documents/MATLAB/airplay/simulink/src/ap_interfaces/CMakeLists.txt
  用于 x64 的 Microsoft (R) C/C++ 优化编译器 19.29.30145 版
  版权所有(C) Microsoft Corporation。保留所有权利。
  cl /c /IC:\Users\ifate\Documents\MATLAB\airplay\simulink\src\ap_interfaces\include\ap_interfaces /IC:\Users\ifate\Documents\MATLAB\airplay\simulink\build\ap_interfaces\rosidl_generator_cpp /I"C:\Program Files\MATLAB\R2022a\sys\ros2\win64\ros2\include" /W3 /WX- /diagnostics:column /O2 /Ob2 /D _WINDLL /D _MBCS /D WIN32 /D _WINDOWS /D NDEBUG /D ROSIDL_TYPESUPPORT_CPP_BUILDING_DLL /D "ROS_PACKAGE_NAME=\"ap_interfaces\"" /D "CMAKE_INTDIR=\"Release\"" /D ap_interfaces__rosidl_typesupport_cpp_EXPORTS /Gm- /EHsc /MD /GS /fp:precise /Zc:wchar_t /Zc:forScope /Zc:inline /GR /std:c++14 /Fo"ap_interfaces__rosidl_typesupport_cpp.dir\Release\\" /Fd"ap_interfaces__rosidl_typesupport_cpp.dir\Release\vc142.pdb" /external:W3 /Gd /TP /errorReport:queue C:\Users\ifate\Documents\MATLAB\airplay\simulink\build\ap_interfaces\rosidl_typesupport_cpp\ap_interfaces\msg\pos__type_support.cpp
  pos__type_support.cpp
    正在创建库 C:/Users/ifate/Documents/MATLAB/airplay/simulink/build/ap_interfaces/Release/ap_interfaces__rosidl_typesupport_cpp.lib 和对象 C:/Users/ifate/Documents/MATLAB/airplay/simulink/build/ap_interfaces/Release/ap_interfaces__rosidl_typesupport_cpp.exp
  ap_interfaces__rosidl_typesupport_cpp.vcxproj -> C:\Users\ifate\Documents\MATLAB\airplay\simulink\build\ap_interfaces\Release\ap_interfaces__rosidl_typesupport_cpp.dll
  Generating C++ type support for eProsima Fast-RTPS
  Building Custom Rule C:/Users/ifate/Documents/MATLAB/airplay/simulink/src/ap_interfaces/CMakeLists.txt
  用于 x64 的 Microsoft (R) C/C++ 优化编译器 19.29.30145 版
  版权所有(C) Microsoft Corporation。保留所有权利。
  cl /c /IC:\Users\ifate\Documents\MATLAB\airplay\simulink\src\ap_interfaces\include\ap_interfaces /IC:\Users\ifate\Documents\MATLAB\airplay\simulink\build\ap_interfaces\rosidl_generator_cpp /IC:\Users\ifate\Documents\MATLAB\airplay\simulink\build\ap_interfaces\rosidl_typesupport_fastrtps_cpp /I"C:\Program Files\MATLAB\R2022a\sys\ros2\win64\ros2\include" /W4 /WX- /diagnostics:column /O2 /Ob2 /D _WINDLL /D _MBCS /D WIN32 /D _WINDOWS /D NDEBUG /D ROSIDL_TYPESUPPORT_FASTRTPS_CPP_BUILDING_DLL_ap_interfaces /D "ROS_PACKAGE_NAME=\"ap_interfaces\"" /D FASTRTPS_DYN_LINK /D FASTCDR_DYN_LINK /D "CMAKE_INTDIR=\"Release\"" /D ap_interfaces__rosidl_typesupport_fastrtps_cpp_EXPORTS /Gm- /EHsc /MD /GS /fp:precise /Zc:wchar_t /Zc:forScope /Zc:inline /GR /std:c++14 /Fo"ap_interfaces__rosidl_typesupport_fastrtps_cpp.dir\Release\\" /Fd"ap_interfaces__rosidl_typesupport_fastrtps_cpp.dir\Release\vc142.pdb" /external:W4 /Gd /TP /errorReport:queue C:\Users\ifate\Documents\MATLAB\airplay\simulink\build\ap_interfaces\rosidl_typesupport_fastrtps_cpp\ap_interfaces\msg\detail\dds_fastrtps\pos__type_support.cpp
  pos__type_support.cpp
    正在创建库 C:/Users/ifate/Documents/MATLAB/airplay/simulink/build/ap_interfaces/Release/ap_interfaces__rosidl_typesupport_fastrtps_cpp.lib 和对象 C:/Users/ifate/Documents/MATLAB/airplay/simulink/build/ap_interfaces/Release/ap_interfaces__rosidl_typesupport_fastrtps_cpp.exp
  ap_interfaces__rosidl_typesupport_fastrtps_cpp.vcxproj -> C:\Users\ifate\Documents\MATLAB\airplay\simulink\build\ap_interfaces\Release\ap_interfaces__rosidl_typesupport_fastrtps_cpp.dll
  Generating C type support for eProsima Fast-RTPS
  Building Custom Rule C:/Users/ifate/Documents/MATLAB/airplay/simulink/src/ap_interfaces/CMakeLists.txt
  用于 x64 的 Microsoft (R) C/C++ 优化编译器 19.29.30145 版
  版权所有(C) Microsoft Corporation。保留所有权利。
  cl /c /IC:\Users\ifate\Documents\MATLAB\airplay\simulink\src\ap_interfaces\include\ap_interfaces /IC:\Users\ifate\Documents\MATLAB\airplay\simulink\build\ap_interfaces\rosidl_generator_c /IC:\Users\ifate\Documents\MATLAB\airplay\simulink\build\ap_interfaces\rosidl_generator_cpp /IC:\Users\ifate\Documents\MATLAB\airplay\simulink\build\ap_interfaces\rosidl_typesupport_fastrtps_c /IC:\Users\ifate\Documents\MATLAB\airplay\simulink\build\ap_interfaces\rosidl_typesupport_fastrtps_cpp /I"C:\Program Files\MATLAB\R2022a\sys\ros2\win64\ros2\include" /W4 /WX- /diagnostics:column /O2 /Ob2 /D _WINDLL /D _MBCS /D WIN32 /D _WINDOWS /D NDEBUG /D ROSIDL_TYPESUPPORT_FASTRTPS_C_BUILDING_DLL_ap_interfaces /D "ROS_PACKAGE_NAME=\"ap_interfaces\"" /D FASTRTPS_DYN_LINK /D FASTCDR_DYN_LINK /D "CMAKE_INTDIR=\"Release\"" /D ap_interfaces__rosidl_typesupport_fastrtps_c_EXPORTS /Gm- /EHsc /MD /GS /fp:precise /Zc:wchar_t /Zc:forScope /Zc:inline /GR /std:c++14 /Fo"ap_interfaces__rosidl_typesupport_fastrtps_c.dir\Release\\" /Fd"ap_interfaces__rosidl_typesupport_fastrtps_c.dir\Release\vc142.pdb" /external:W4 /Gd /TP /errorReport:queue C:\Users\ifate\Documents\MATLAB\airplay\simulink\build\ap_interfaces\rosidl_typesupport_fastrtps_c\ap_interfaces\msg\detail\pos__type_support_c.cpp
  pos__type_support_c.cpp
    正在创建库 C:/Users/ifate/Documents/MATLAB/airplay/simulink/build/ap_interfaces/Release/ap_interfaces__rosidl_typesupport_fastrtps_c.lib 和对象 C:/Users/ifate/Documents/MATLAB/airplay/simulink/build/ap_interfaces/Release/ap_interfaces__rosidl_typesupport_fastrtps_c.exp
  ap_interfaces__rosidl_typesupport_fastrtps_c.vcxproj -> C:\Users\ifate\Documents\MATLAB\airplay\simulink\build\ap_interfaces\Release\ap_interfaces__rosidl_typesupport_fastrtps_c.dll
  Generating C introspection for ROS interfaces
  Building Custom Rule C:/Users/ifate/Documents/MATLAB/airplay/simulink/src/ap_interfaces/CMakeLists.txt
  用于 x64 的 Microsoft (R) C/C++ 优化编译器 19.29.30145 版
  版权所有(C) Microsoft Corporation。保留所有权利。
  cl /c /IC:\Users\ifate\Documents\MATLAB\airplay\simulink\src\ap_interfaces\include\ap_interfaces /IC:\Users\ifate\Documents\MATLAB\airplay\simulink\build\ap_interfaces\rosidl_generator_c /IC:\Users\ifate\Documents\MATLAB\airplay\simulink\build\ap_interfaces\rosidl_typesupport_introspection_c /I"C:\Program Files\MATLAB\R2022a\sys\ros2\win64\ros2\include" /W3 /WX- /diagnostics:column /O2 /Ob2 /D _WINDLL /D _MBCS /D WIN32 /D _WINDOWS /D NDEBUG /D ROSIDL_TYPESUPPORT_INTROSPECTION_C_BUILDING_DLL_ap_interfaces /D "ROS_PACKAGE_NAME=\"ap_interfaces\"" /D "CMAKE_INTDIR=\"Release\"" /D ap_interfaces__rosidl_typesupport_introspection_c_EXPORTS /Gm- /MD /GS /fp:precise /Zc:wchar_t /Zc:forScope /Zc:inline /Fo"ap_interfaces__rosidl_typesupport_introspection_c.dir\Release\\" /Fd"ap_interfaces__rosidl_typesupport_introspection_c.dir\Release\vc142.pdb" /external:W3 /Gd /TC /errorReport:queue C:\Users\ifate\Documents\MATLAB\airplay\simulink\build\ap_interfaces\rosidl_typesupport_introspection_c\ap_interfaces\msg\detail\pos__type_support.c
  pos__type_support.c
    正在创建库 C:/Users/ifate/Documents/MATLAB/airplay/simulink/build/ap_interfaces/Release/ap_interfaces__rosidl_typesupport_introspection_c.lib 和对象 C:/Users/ifate/Documents/MATLAB/airplay/simulink/build/ap_interfaces/Release/ap_interfaces__rosidl_typesupport_introspection_c.exp
  ap_interfaces__rosidl_typesupport_introspection_c.vcxproj -> C:\Users\ifate\Documents\MATLAB\airplay\simulink\build\ap_interfaces\Release\ap_interfaces__rosidl_typesupport_introspection_c.dll
  Generating C++ introspection for ROS interfaces
  Building Custom Rule C:/Users/ifate/Documents/MATLAB/airplay/simulink/src/ap_interfaces/CMakeLists.txt
  用于 x64 的 Microsoft (R) C/C++ 优化编译器 19.29.30145 版
  版权所有(C) Microsoft Corporation。保留所有权利。
  cl /c /IC:\Users\ifate\Documents\MATLAB\airplay\simulink\src\ap_interfaces\include\ap_interfaces /IC:\Users\ifate\Documents\MATLAB\airplay\simulink\build\ap_interfaces\rosidl_generator_cpp /I"C:\Program Files\MATLAB\R2022a\sys\ros2\win64\ros2\include" /W3 /WX- /diagnostics:column /O2 /Ob2 /D _WINDLL /D _MBCS /D WIN32 /D _WINDOWS /D NDEBUG /D ROSIDL_TYPESUPPORT_INTROSPECTION_CPP_BUILDING_DLL /D "ROS_PACKAGE_NAME=\"ap_interfaces\"" /D "CMAKE_INTDIR=\"Release\"" /D ap_interfaces__rosidl_typesupport_introspection_cpp_EXPORTS /Gm- /EHsc /MD /GS /fp:precise /Zc:wchar_t /Zc:forScope /Zc:inline /GR /std:c++14 /Fo"ap_interfaces__rosidl_typesupport_introspection_cpp.dir\Release\\" /Fd"ap_interfaces__rosidl_typesupport_introspection_cpp.dir\Release\vc142.pdb" /external:W3 /Gd /TP /errorReport:queue C:\Users\ifate\Documents\MATLAB\airplay\simulink\build\ap_interfaces\rosidl_typesupport_introspection_cpp\ap_interfaces\msg\detail\pos__type_support.cpp
  pos__type_support.cpp
    正在创建库 C:/Users/ifate/Documents/MATLAB/airplay/simulink/build/ap_interfaces/Release/ap_interfaces__rosidl_typesupport_introspection_cpp.lib 和对象 C:/Users/ifate/Documents/MATLAB/airplay/simulink/build/ap_interfaces/Release/ap_interfaces__rosidl_typesupport_introspection_cpp.exp
  ap_interfaces__rosidl_typesupport_introspection_cpp.vcxproj -> C:\Users\ifate\Documents\MATLAB\airplay\simulink\build\ap_interfaces\Release\ap_interfaces__rosidl_typesupport_introspection_cpp.dll
  Building Custom Rule C:/Users/ifate/Documents/MATLAB/airplay/simulink/src/ap_interfaces/CMakeLists.txt
  Generating Python code for ROS interfaces
  Building Custom Rule C:/Users/ifate/Documents/MATLAB/airplay/simulink/build/ap_interfaces/ap_interfaces__py/CMakeLists.txt
  Building Custom Rule C:/Users/ifate/Documents/MATLAB/airplay/simulink/src/ap_interfaces/CMakeLists.txt
  用于 x64 的 Microsoft (R) C/C++ 优化编译器 19.29.30145 版
  版权所有(C) Microsoft Corporation。保留所有权利。
  cl /c /IC:\Users\ifate\Documents\MATLAB\airplay\simulink\src\ap_interfaces\include\ap_interfaces /IC:\Users\ifate\Documents\MATLAB\airplay\simulink\build\ap_interfaces\rosidl_generator_c /IC:\Users\ifate\Documents\MATLAB\airplay\simulink\build\ap_interfaces\rosidl_generator_py /IC:\Users\ifate\AppData\Roaming\MathWorks\MATLAB\R2022a\ros2\win64\venv\Scripts\include /I"C:\Users\ifate\AppData\Roaming\MathWorks\MATLAB\R2022a\ros2\win64\venv\lib\site-packages\numpy\core\include" /IC:\Users\ifate\Documents\MATLAB\airplay\simulink\build\ap_interfaces\rosidl_typesupport_c /I"C:\Program Files\MATLAB\R2022a\sys\ros2\win64\ros2\include" /W3 /WX- /diagnostics:column /O2 /Ob2 /D _WINDLL /D _MBCS /D WIN32 /D _WINDOWS /D NDEBUG /D "ROS_PACKAGE_NAME=\"ap_interfaces\"" /D "CMAKE_INTDIR=\"Release\"" /D ap_interfaces__python_EXPORTS /Gm- /MD /GS /fp:precise /Zc:wchar_t /Zc:forScope /Zc:inline /Fo"ap_interfaces__python.dir\Release\\" /Fd"ap_interfaces__python.dir\Release\vc142.pdb" /external:W3 /Gd /TC /errorReport:queue C:\Users\ifate\Documents\MATLAB\airplay\simulink\build\ap_interfaces\rosidl_generator_py\ap_interfaces\msg\_pos_s.c
  _pos_s.c
    正在创建库 C:/Users/ifate/Documents/MATLAB/airplay/simulink/build/ap_interfaces/Release/ap_interfaces__python.lib 和对象 C:/Users/ifate/Documents/MATLAB/airplay/simulink/build/ap_interfaces/Release/ap_interfaces__python.exp
  ap_interfaces__python.vcxproj -> C:\Users\ifate\Documents\MATLAB\airplay\simulink\build\ap_interfaces\rosidl_generator_py\ap_interfaces\ap_interfaces__python.dll
  Building Custom Rule C:/Users/ifate/Documents/MATLAB/airplay/simulink/src/ap_interfaces/CMakeLists.txt
  用于 x64 的 Microsoft (R) C/C++ 优化编译器 19.29.30145 版
  版权所有(C) Microsoft Corporation。保留所有权利。
  cl /c /IC:\Users\ifate\Documents\MATLAB\airplay\simulink\src\ap_interfaces\include\ap_interfaces /IC:\Users\ifate\Documents\MATLAB\airplay\simulink\build\ap_interfaces\rosidl_generator_c /IC:\Users\ifate\Documents\MATLAB\airplay\simulink\build\ap_interfaces\rosidl_generator_py /IC:\Users\ifate\AppData\Roaming\MathWorks\MATLAB\R2022a\ros2\win64\venv\Scripts\include /IC:\Users\ifate\Documents\MATLAB\airplay\simulink\build\ap_interfaces\rosidl_typesupport_c /I"C:\Users\ifate\AppData\Roaming\MathWorks\MATLAB\R2022a\ros2\win64\venv\lib\site-packages\numpy\core\include" /I"C:\Program Files\MATLAB\R2022a\sys\ros2\win64\ros2\include" /W3 /WX- /diagnostics:column /O2 /Ob2 /D _WINDLL /D _MBCS /D WIN32 /D _WINDOWS /D NDEBUG /D "ROS_PACKAGE_NAME=\"ap_interfaces\"" /D "CMAKE_INTDIR=\"Release\"" /D ap_interfaces__rosidl_typesupport_c__pyext_EXPORTS /Gm- /MD /GS /fp:precise /Zc:wchar_t /Zc:forScope /Zc:inline /Fo"ap_interfaces__rosidl_typesupport_c__pyext.dir\Release\\" /Fd"ap_interfaces__rosidl_typesupport_c__pyext.dir\Release\vc142.pdb" /external:W3 /Gd /TC /errorReport:queue C:\Users\ifate\Documents\MATLAB\airplay\simulink\build\ap_interfaces\rosidl_generator_py\ap_interfaces\_ap_interfaces_s.ep.rosidl_typesupport_c.c
  _ap_interfaces_s.ep.rosidl_typesupport_c.c
    正在创建库 C:/Users/ifate/Documents/MATLAB/airplay/simulink/build/ap_interfaces/Release/ap_interfaces_s__rosidl_typesupport_c.lib 和对象 C:/Users/ifate/Documents/MATLAB/airplay/simulink/build/ap_interfaces/Release/ap_interfaces_s__rosidl_typesupport_c.exp
  ap_interfaces__rosidl_typesupport_c__pyext.vcxproj -> C:\Users\ifate\Documents\MATLAB\airplay\simulink\build\ap_interfaces\rosidl_generator_py\ap_interfaces\ap_interfaces_s__rosidl_typesupport_c.pyd
  Building Custom Rule C:/Users/ifate/Documents/MATLAB/airplay/simulink/src/ap_interfaces/CMakeLists.txt
  用于 x64 的 Microsoft (R) C/C++ 优化编译器 19.29.30145 版
  版权所有(C) Microsoft Corporation。保留所有权利。
  cl /c /IC:\Users\ifate\Documents\MATLAB\airplay\simulink\src\ap_interfaces\include\ap_interfaces /IC:\Users\ifate\Documents\MATLAB\airplay\simulink\build\ap_interfaces\rosidl_generator_c /IC:\Users\ifate\Documents\MATLAB\airplay\simulink\build\ap_interfaces\rosidl_generator_py /IC:\Users\ifate\AppData\Roaming\MathWorks\MATLAB\R2022a\ros2\win64\venv\Scripts\include /IC:\Users\ifate\Documents\MATLAB\airplay\simulink\build\ap_interfaces\rosidl_typesupport_c /I"C:\Users\ifate\AppData\Roaming\MathWorks\MATLAB\R2022a\ros2\win64\venv\lib\site-packages\numpy\core\include" /IC:\Users\ifate\Documents\MATLAB\airplay\simulink\build\ap_interfaces\rosidl_generator_cpp /IC:\Users\ifate\Documents\MATLAB\airplay\simulink\build\ap_interfaces\rosidl_typesupport_fastrtps_c /IC:\Users\ifate\Documents\MATLAB\airplay\simulink\build\ap_interfaces\rosidl_typesupport_fastrtps_cpp /I"C:\Program Files\MATLAB\R2022a\sys\ros2\win64\ros2\include" /W3 /WX- /diagnostics:column /O2 /Ob2 /D _WINDLL /D _MBCS /D WIN32 /D _WINDOWS /D NDEBUG /D "ROS_PACKAGE_NAME=\"ap_interfaces\"" /D FASTRTPS_DYN_LINK /D FASTCDR_DYN_LINK /D "CMAKE_INTDIR=\"Release\"" /D ap_interfaces__rosidl_typesupport_fastrtps_c__pyext_EXPORTS /Gm- /MD /GS /fp:precise /Zc:wchar_t /Zc:forScope /Zc:inline /Fo"ap_interfaces__rosidl_typesupport_fastrtps_c__pyext.dir\Release\\" /Fd"ap_interfaces__rosidl_typesupport_fastrtps_c__pyext.dir\Release\vc142.pdb" /external:W3 /Gd /TC /errorReport:queue C:\Users\ifate\Documents\MATLAB\airplay\simulink\build\ap_interfaces\rosidl_generator_py\ap_interfaces\_ap_interfaces_s.ep.rosidl_typesupport_fastrtps_c.c
  _ap_interfaces_s.ep.rosidl_typesupport_fastrtps_c.c
    正在创建库 C:/Users/ifate/Documents/MATLAB/airplay/simulink/build/ap_interfaces/Release/ap_interfaces_s__rosidl_typesupport_fastrtps_c.lib 和对象 C:/Users/ifate/Documents/MATLAB/airplay/simulink/build/ap_interfaces/Release/ap_interfaces_s__rosidl_typesupport_fastrtps_c.exp
  ap_interfaces__rosidl_typesupport_fastrtps_c__pyext.vcxproj -> C:\Users\ifate\Documents\MATLAB\airplay\simulink\build\ap_interfaces\rosidl_generator_py\ap_interfaces\ap_interfaces_s__rosidl_typesupport_fastrtps_c.pyd
  Building Custom Rule C:/Users/ifate/Documents/MATLAB/airplay/simulink/src/ap_interfaces/CMakeLists.txt
  用于 x64 的 Microsoft (R) C/C++ 优化编译器 19.29.30145 版
  版权所有(C) Microsoft Corporation。保留所有权利。
  cl /c /IC:\Users\ifate\Documents\MATLAB\airplay\simulink\src\ap_interfaces\include\ap_interfaces /IC:\Users\ifate\Documents\MATLAB\airplay\simulink\build\ap_interfaces\rosidl_generator_c /IC:\Users\ifate\Documents\MATLAB\airplay\simulink\build\ap_interfaces\rosidl_generator_py /IC:\Users\ifate\AppData\Roaming\MathWorks\MATLAB\R2022a\ros2\win64\venv\Scripts\include /IC:\Users\ifate\Documents\MATLAB\airplay\simulink\build\ap_interfaces\rosidl_typesupport_c /I"C:\Users\ifate\AppData\Roaming\MathWorks\MATLAB\R2022a\ros2\win64\venv\lib\site-packages\numpy\core\include" /IC:\Users\ifate\Documents\MATLAB\airplay\simulink\build\ap_interfaces\rosidl_typesupport_introspection_c /I"C:\Program Files\MATLAB\R2022a\sys\ros2\win64\ros2\include" /W3 /WX- /diagnostics:column /O2 /Ob2 /D _WINDLL /D _MBCS /D WIN32 /D _WINDOWS /D NDEBUG /D "ROS_PACKAGE_NAME=\"ap_interfaces\"" /D "CMAKE_INTDIR=\"Release\"" /D ap_interfaces__rosidl_typesupport_introspection_c__pyext_EXPORTS /Gm- /MD /GS /fp:precise /Zc:wchar_t /Zc:forScope /Zc:inline /Fo"ap_interfaces__rosidl_typesupport_introspection_c__pyext.dir\Release\\" /Fd"ap_interfaces__rosidl_typesupport_introspection_c__pyext.dir\Release\vc142.pdb" /external:W3 /Gd /TC /errorReport:queue C:\Users\ifate\Documents\MATLAB\airplay\simulink\build\ap_interfaces\rosidl_generator_py\ap_interfaces\_ap_interfaces_s.ep.rosidl_typesupport_introspection_c.c
  _ap_interfaces_s.ep.rosidl_typesupport_introspection_c.c
    正在创建库 C:/Users/ifate/Documents/MATLAB/airplay/simulink/build/ap_interfaces/Release/ap_interfaces_s__rosidl_typesupport_introspection_c.lib 和对象 C:/Users/ifate/Documents/MATLAB/airplay/simulink/build/ap_interfaces/Release/ap_interfaces_s__rosidl_typesupport_introspection_c.exp
  ap_interfaces__rosidl_typesupport_introspection_c__pyext.vcxproj -> C:\Users\ifate\Documents\MATLAB\airplay\simulink\build\ap_interfaces\rosidl_generator_py\ap_interfaces\ap_interfaces_s__rosidl_typesupport_introspection_c.pyd
  Building Custom Rule C:/Users/ifate/Documents/MATLAB/airplay/simulink/src/ap_interfaces/CMakeLists.txt
-- Installing: C:/Users/ifate/Documents/MATLAB/airplay/simulink/install/share/ament_index/resource_index/rosidl_interfaces/ap_interfaces
-- Installing: C:/Users/ifate/Documents/MATLAB/airplay/simulink/install/include/ap_interfaces
-- Installing: C:/Users/ifate/Documents/MATLAB/airplay/simulink/install/include/ap_interfaces/msg
-- Installing: C:/Users/ifate/Documents/MATLAB/airplay/simulink/install/include/ap_interfaces/msg/detail
-- Installing: C:/Users/ifate/Documents/MATLAB/airplay/simulink/install/include/ap_interfaces/msg/detail/pos__functions.c
-- Installing: C:/Users/ifate/Documents/MATLAB/airplay/simulink/install/include/ap_interfaces/msg/detail/pos__functions.h
-- Installing: C:/Users/ifate/Documents/MATLAB/airplay/simulink/install/include/ap_interfaces/msg/detail/pos__struct.h
-- Installing: C:/Users/ifate/Documents/MATLAB/airplay/simulink/install/include/ap_interfaces/msg/detail/pos__type_support.h
-- Installing: C:/Users/ifate/Documents/MATLAB/airplay/simulink/install/include/ap_interfaces/msg/pos.h
-- Installing: C:/Users/ifate/Documents/MATLAB/airplay/simulink/install/include/ap_interfaces/msg/rosidl_generator_c__visibility_control.h
-- Installing: C:/Users/ifate/Documents/MATLAB/airplay/simulink/install/lib/ap_interfaces__rosidl_generator_c.lib
-- Installing: C:/Users/ifate/Documents/MATLAB/airplay/simulink/install/bin/ap_interfaces__rosidl_generator_c.dll
-- Up-to-date: C:/Users/ifate/Documents/MATLAB/airplay/simulink/install/include/ap_interfaces
-- Up-to-date: C:/Users/ifate/Documents/MATLAB/airplay/simulink/install/include/ap_interfaces/msg
-- Up-to-date: C:/Users/ifate/Documents/MATLAB/airplay/simulink/install/include/ap_interfaces/msg/detail
-- Installing: C:/Users/ifate/Documents/MATLAB/airplay/simulink/install/include/ap_interfaces/msg/detail/pos__rosidl_typesupport_fastrtps_c.h
-- Installing: C:/Users/ifate/Documents/MATLAB/airplay/simulink/install/include/ap_interfaces/msg/rosidl_typesupport_fastrtps_c__visibility_control.h
-- Installing: C:/Users/ifate/Documents/MATLAB/airplay/simulink/install/lib/ap_interfaces__rosidl_typesupport_fastrtps_c.lib
-- Installing: C:/Users/ifate/Documents/MATLAB/airplay/simulink/install/bin/ap_interfaces__rosidl_typesupport_fastrtps_c.dll
-- Up-to-date: C:/Users/ifate/Documents/MATLAB/airplay/simulink/install/include/ap_interfaces
-- Up-to-date: C:/Users/ifate/Documents/MATLAB/airplay/simulink/install/include/ap_interfaces/msg
-- Up-to-date: C:/Users/ifate/Documents/MATLAB/airplay/simulink/install/include/ap_interfaces/msg/detail
-- Installing: C:/Users/ifate/Documents/MATLAB/airplay/simulink/install/include/ap_interfaces/msg/detail/dds_fastrtps
-- Installing: C:/Users/ifate/Documents/MATLAB/airplay/simulink/install/include/ap_interfaces/msg/detail/pos__rosidl_typesupport_fastrtps_cpp.hpp
-- Installing: C:/Users/ifate/Documents/MATLAB/airplay/simulink/install/include/ap_interfaces/msg/rosidl_typesupport_fastrtps_cpp__visibility_control.h
-- Installing: C:/Users/ifate/Documents/MATLAB/airplay/simulink/install/lib/ap_interfaces__rosidl_typesupport_fastrtps_cpp.lib
-- Installing: C:/Users/ifate/Documents/MATLAB/airplay/simulink/install/bin/ap_interfaces__rosidl_typesupport_fastrtps_cpp.dll
-- Up-to-date: C:/Users/ifate/Documents/MATLAB/airplay/simulink/install/include/ap_interfaces
-- Up-to-date: C:/Users/ifate/Documents/MATLAB/airplay/simulink/install/include/ap_interfaces/msg
-- Up-to-date: C:/Users/ifate/Documents/MATLAB/airplay/simulink/install/include/ap_interfaces/msg/detail
-- Installing: C:/Users/ifate/Documents/MATLAB/airplay/simulink/install/include/ap_interfaces/msg/detail/pos__rosidl_typesupport_introspection_c.h
-- Installing: C:/Users/ifate/Documents/MATLAB/airplay/simulink/install/include/ap_interfaces/msg/detail/pos__type_support.c
-- Installing: C:/Users/ifate/Documents/MATLAB/airplay/simulink/install/include/ap_interfaces/msg/rosidl_typesupport_introspection_c__visibility_control.h
-- Installing: C:/Users/ifate/Documents/MATLAB/airplay/simulink/install/lib/ap_interfaces__rosidl_typesupport_introspection_c.lib
-- Installing: C:/Users/ifate/Documents/MATLAB/airplay/simulink/install/bin/ap_interfaces__rosidl_typesupport_introspection_c.dll
-- Installing: C:/Users/ifate/Documents/MATLAB/airplay/simulink/install/lib/ap_interfaces__rosidl_typesupport_c.lib
-- Installing: C:/Users/ifate/Documents/MATLAB/airplay/simulink/install/bin/ap_interfaces__rosidl_typesupport_c.dll
-- Up-to-date: C:/Users/ifate/Documents/MATLAB/airplay/simulink/install/include/ap_interfaces
-- Up-to-date: C:/Users/ifate/Documents/MATLAB/airplay/simulink/install/include/ap_interfaces/msg
-- Up-to-date: C:/Users/ifate/Documents/MATLAB/airplay/simulink/install/include/ap_interfaces/msg/detail
-- Installing: C:/Users/ifate/Documents/MATLAB/airplay/simulink/install/include/ap_interfaces/msg/detail/pos__builder.hpp
-- Installing: C:/Users/ifate/Documents/MATLAB/airplay/simulink/install/include/ap_interfaces/msg/detail/pos__struct.hpp
-- Installing: C:/Users/ifate/Documents/MATLAB/airplay/simulink/install/include/ap_interfaces/msg/detail/pos__traits.hpp
-- Installing: C:/Users/ifate/Documents/MATLAB/airplay/simulink/install/include/ap_interfaces/msg/pos.hpp
-- Up-to-date: C:/Users/ifate/Documents/MATLAB/airplay/simulink/install/include/ap_interfaces
-- Up-to-date: C:/Users/ifate/Documents/MATLAB/airplay/simulink/install/include/ap_interfaces/msg
-- Up-to-date: C:/Users/ifate/Documents/MATLAB/airplay/simulink/install/include/ap_interfaces/msg/detail
-- Installing: C:/Users/ifate/Documents/MATLAB/airplay/simulink/install/include/ap_interfaces/msg/detail/pos__rosidl_typesupport_introspection_cpp.hpp
-- Installing: C:/Users/ifate/Documents/MATLAB/airplay/simulink/install/include/ap_interfaces/msg/detail/pos__type_support.cpp
-- Installing: C:/Users/ifate/Documents/MATLAB/airplay/simulink/install/lib/ap_interfaces__rosidl_typesupport_introspection_cpp.lib
-- Installing: C:/Users/ifate/Documents/MATLAB/airplay/simulink/install/bin/ap_interfaces__rosidl_typesupport_introspection_cpp.dll
-- Installing: C:/Users/ifate/Documents/MATLAB/airplay/simulink/install/lib/ap_interfaces__rosidl_typesupport_cpp.lib
-- Installing: C:/Users/ifate/Documents/MATLAB/airplay/simulink/install/bin/ap_interfaces__rosidl_typesupport_cpp.dll
-- Installing: C:/Users/ifate/Documents/MATLAB/airplay/simulink/install/share/ap_interfaces/environment/pythonpath.bat
-- Installing: C:/Users/ifate/Documents/MATLAB/airplay/simulink/install/share/ap_interfaces/environment/pythonpath.dsv
-- Installing: C:/Users/ifate/Documents/MATLAB/airplay/simulink/install/Lib/site-packages/ap_interfaces/__init__.py
Compiling 'C:/Users/ifate/Documents/MATLAB/airplay/simulink/install/Lib/site-packages/ap_interfaces/__init__.py'...
-- Installing: C:/Users/ifate/Documents/MATLAB/airplay/simulink/install/Lib/site-packages/ap_interfaces/msg
-- Installing: C:/Users/ifate/Documents/MATLAB/airplay/simulink/install/Lib/site-packages/ap_interfaces/msg/_pos.py
-- Installing: C:/Users/ifate/Documents/MATLAB/airplay/simulink/install/Lib/site-packages/ap_interfaces/msg/_pos_s.c
-- Installing: C:/Users/ifate/Documents/MATLAB/airplay/simulink/install/Lib/site-packages/ap_interfaces/msg/__init__.py
-- Installing: C:/Users/ifate/Documents/MATLAB/airplay/simulink/install/Lib/site-packages/ap_interfaces/ap_interfaces_s__rosidl_typesupport_fastrtps_c.lib
-- Installing: C:/Users/ifate/Documents/MATLAB/airplay/simulink/install/Lib/site-packages/ap_interfaces/ap_interfaces_s__rosidl_typesupport_fastrtps_c.pyd
-- Installing: C:/Users/ifate/Documents/MATLAB/airplay/simulink/install/Lib/site-packages/ap_interfaces/ap_interfaces_s__rosidl_typesupport_introspection_c.lib
-- Installing: C:/Users/ifate/Documents/MATLAB/airplay/simulink/install/Lib/site-packages/ap_interfaces/ap_interfaces_s__rosidl_typesupport_introspection_c.pyd
-- Installing: C:/Users/ifate/Documents/MATLAB/airplay/simulink/install/Lib/site-packages/ap_interfaces/ap_interfaces_s__rosidl_typesupport_c.lib
-- Installing: C:/Users/ifate/Documents/MATLAB/airplay/simulink/install/Lib/site-packages/ap_interfaces/ap_interfaces_s__rosidl_typesupport_c.pyd
-- Installing: C:/Users/ifate/Documents/MATLAB/airplay/simulink/install/lib/ap_interfaces__python.lib
-- Installing: C:/Users/ifate/Documents/MATLAB/airplay/simulink/install/bin/ap_interfaces__python.dll
-- Installing: C:/Users/ifate/Documents/MATLAB/airplay/simulink/install/share/ap_interfaces/msg/Pos.idl
-- Installing: C:/Users/ifate/Documents/MATLAB/airplay/simulink/install/share/ap_interfaces/msg/Pos.msg
-- Installing: C:/Users/ifate/Documents/MATLAB/airplay/simulink/install/share/ament_index/resource_index/package_run_dependencies/ap_interfaces
-- Installing: C:/Users/ifate/Documents/MATLAB/airplay/simulink/install/share/ament_index/resource_index/parent_prefix_path/ap_interfaces
-- Installing: C:/Users/ifate/Documents/MATLAB/airplay/simulink/install/share/ap_interfaces/environment/ament_prefix_path.bat
-- Installing: C:/Users/ifate/Documents/MATLAB/airplay/simulink/install/share/ap_interfaces/environment/ament_prefix_path.dsv
-- Installing: C:/Users/ifate/Documents/MATLAB/airplay/simulink/install/share/ap_interfaces/environment/path.bat
-- Installing: C:/Users/ifate/Documents/MATLAB/airplay/simulink/install/share/ap_interfaces/environment/path.dsv
-- Installing: C:/Users/ifate/Documents/MATLAB/airplay/simulink/install/share/ap_interfaces/local_setup.bat
-- Installing: C:/Users/ifate/Documents/MATLAB/airplay/simulink/install/share/ap_interfaces/local_setup.dsv
-- Installing: C:/Users/ifate/Documents/MATLAB/airplay/simulink/install/share/ap_interfaces/package.dsv
-- Installing: C:/Users/ifate/Documents/MATLAB/airplay/simulink/install/share/ament_index/resource_index/packages/ap_interfaces
-- Installing: C:/Users/ifate/Documents/MATLAB/airplay/simulink/install/share/ap_interfaces/cmake/ap_interfaces__rosidl_generator_cExport.cmake
-- Installing: C:/Users/ifate/Documents/MATLAB/airplay/simulink/install/share/ap_interfaces/cmake/ap_interfaces__rosidl_generator_cExport-release.cmake
-- Installing: C:/Users/ifate/Documents/MATLAB/airplay/simulink/install/share/ap_interfaces/cmake/ap_interfaces__rosidl_typesupport_introspection_cExport.cmake
-- Installing: C:/Users/ifate/Documents/MATLAB/airplay/simulink/install/share/ap_interfaces/cmake/ap_interfaces__rosidl_typesupport_introspection_cExport-release.cmake
-- Installing: C:/Users/ifate/Documents/MATLAB/airplay/simulink/install/share/ap_interfaces/cmake/ap_interfaces__rosidl_typesupport_cExport.cmake
-- Installing: C:/Users/ifate/Documents/MATLAB/airplay/simulink/install/share/ap_interfaces/cmake/ap_interfaces__rosidl_typesupport_cExport-release.cmake
-- Installing: C:/Users/ifate/Documents/MATLAB/airplay/simulink/install/share/ap_interfaces/cmake/ap_interfaces__rosidl_generator_cppExport.cmake
-- Installing: C:/Users/ifate/Documents/MATLAB/airplay/simulink/install/share/ap_interfaces/cmake/ap_interfaces__rosidl_typesupport_introspection_cppExport.cmake
-- Installing: C:/Users/ifate/Documents/MATLAB/airplay/simulink/install/share/ap_interfaces/cmake/ap_interfaces__rosidl_typesupport_introspection_cppExport-release.cmake
-- Installing: C:/Users/ifate/Documents/MATLAB/airplay/simulink/install/share/ap_interfaces/cmake/ap_interfaces__rosidl_typesupport_cppExport.cmake
-- Installing: C:/Users/ifate/Documents/MATLAB/airplay/simulink/install/share/ap_interfaces/cmake/ap_interfaces__rosidl_typesupport_cppExport-release.cmake
-- Installing: C:/Users/ifate/Documents/MATLAB/airplay/simulink/install/share/ap_interfaces/cmake/rosidl_cmake-extras.cmake
-- Installing: C:/Users/ifate/Documents/MATLAB/airplay/simulink/install/share/ap_interfaces/cmake/ament_cmake_export_dependencies-extras.cmake
-- Installing: C:/Users/ifate/Documents/MATLAB/airplay/simulink/install/share/ap_interfaces/cmake/ament_cmake_export_libraries-extras.cmake
-- Installing: C:/Users/ifate/Documents/MATLAB/airplay/simulink/install/share/ap_interfaces/cmake/ament_cmake_export_targets-extras.cmake
-- Installing: C:/Users/ifate/Documents/MATLAB/airplay/simulink/install/share/ap_interfaces/cmake/ament_cmake_export_include_directories-extras.cmake
-- Installing: C:/Users/ifate/Documents/MATLAB/airplay/simulink/install/share/ap_interfaces/cmake/rosidl_cmake_export_typesupport_libraries-extras.cmake
-- Installing: C:/Users/ifate/Documents/MATLAB/airplay/simulink/install/share/ap_interfaces/cmake/rosidl_cmake_export_typesupport_targets-extras.cmake
-- Installing: C:/Users/ifate/Documents/MATLAB/airplay/simulink/install/share/ap_interfaces/cmake/ap_interfacesConfig.cmake
-- Installing: C:/Users/ifate/Documents/MATLAB/airplay/simulink/install/share/ap_interfaces/cmake/ap_interfacesConfig-version.cmake
-- Installing: C:/Users/ifate/Documents/MATLAB/airplay/simulink/install/share/ap_interfaces/package.xml
