[0.109s] Invoking command in 'C:\Users\ifate\Documents\MATLAB\airplay\simulink\build\ap_interfaces': C:\Program Files\CMake\bin\cmake.EXE C:\Users\ifate\Documents\MATLAB\airplay\simulink\src\ap_interfaces -DCMAKE_INSTALL_PREFIX=C:\Users\ifate\Documents\MATLAB\airplay\simulink\install -G Visual Studio 16 2019
[0.187s] -- Selecting Windows SDK version 10.0.19041.0 to target Windows 10.0.19044.
[2.921s] -- The C compiler identification is MSVC 19.29.30145.0
[4.406s] -- The CXX compiler identification is MSVC 19.29.30145.0
[4.500s] -- Detecting C compiler ABI info
[5.859s] -- Detecting C compiler ABI info - done
[5.859s] -- Check for working C compiler: C:/Program Files (x86)/Microsoft Visual Studio/2019/Community/VC/Tools/MSVC/14.29.30133/bin/Hostx64/x64/cl.exe - skipped
[5.859s] -- Detecting C compile features
[5.875s] -- Detecting C compile features - done
[5.890s] -- Detecting CXX compiler ABI info
[7.109s] -- Detecting CXX compiler ABI info - done
[7.109s] -- Check for working CXX compiler: C:/Program Files (x86)/Microsoft Visual Studio/2019/Community/VC/Tools/MSVC/14.29.30133/bin/Hostx64/x64/cl.exe - skipped
[7.109s] -- Detecting CXX compile features
[7.109s] -- Detecting CXX compile features - done
[7.156s] -- Found ament_cmake: 0.9.8 (C:/Program Files/MATLAB/R2022a/sys/ros2/win64/ros2/share/ament_cmake/cmake)
[7.437s] -- Found PythonInterp: C:/Users/ifate/AppData/Roaming/MathWorks/MATLAB/R2022a/ros2/win64/venv/Scripts/python.exe (found suitable version "3.9.12", minimum required is "3") 
[7.437s] -- Using PYTHON_EXECUTABLE: C:/Users/ifate/AppData/Roaming/MathWorks/MATLAB/R2022a/ros2/win64/venv/Scripts/python.exe
[8.187s] -- Found ament_cmake_ros: 0.9.2 (C:/Program Files/MATLAB/R2022a/sys/ros2/win64/ros2/share/ament_cmake_ros/cmake)
[8.265s] -- Found rosidl_typesupport_c: 1.0.2 (C:/Program Files/MATLAB/R2022a/sys/ros2/win64/ros2/share/rosidl_typesupport_c/cmake)
[8.265s] -- Using all available rosidl_typesupport_c: rosidl_typesupport_fastrtps_c;rosidl_typesupport_introspection_c
[8.312s] -- Found rosidl_adapter: 1.2.1 (C:/Program Files/MATLAB/R2022a/sys/ros2/win64/ros2/share/rosidl_adapter/cmake)
[8.671s] -- Found FastRTPS: C:/Program Files/MATLAB/R2022a/sys/ros2/win64/ros2/include  
[9.015s] -- Found rosidl_typesupport_cpp: 1.0.2 (C:/Program Files/MATLAB/R2022a/sys/ros2/win64/ros2/share/rosidl_typesupport_cpp/cmake)
[9.031s] -- Using all available rosidl_typesupport_cpp: rosidl_typesupport_fastrtps_cpp;rosidl_typesupport_introspection_cpp
[9.125s] -- Found rosidl_default_generators: 1.0.1 (C:/Program Files/MATLAB/R2022a/sys/ros2/win64/ros2/share/rosidl_default_generators/cmake)
[9.281s] -- Found PythonInterp: C:/Users/ifate/AppData/Roaming/MathWorks/MATLAB/R2022a/ros2/win64/venv/Scripts/python.exe (found version "3.9.12") 
[10.359s] -- Using all available rosidl_typesupport_c: rosidl_typesupport_fastrtps_c;rosidl_typesupport_introspection_c
[10.437s] -- Using all available rosidl_typesupport_cpp: rosidl_typesupport_fastrtps_cpp;rosidl_typesupport_introspection_cpp
[10.546s] -- Found PythonInterp: C:/Users/ifate/AppData/Roaming/MathWorks/MATLAB/R2022a/ros2/win64/venv/Scripts/python.exe (found suitable version "3.9.12", minimum required is "3.5") 
[10.562s] -- Found python_cmake_module: 0.8.1 (C:/Program Files/MATLAB/R2022a/sys/ros2/win64/ros2/share/python_cmake_module/cmake)
[10.718s] -- Found PythonLibs: C:/Users/ifate/AppData/Roaming/MathWorks/MATLAB/R2022a/ros2/win64/venv/Scripts/libs/python39.lib (found suitable version "3.9.12", minimum required is "3.5") 
[10.718s] -- Using PYTHON_EXECUTABLE: C:/Users/ifate/AppData/Roaming/MathWorks/MATLAB/R2022a/ros2/win64/venv/Scripts/python.exe
[10.718s] -- Using PYTHON_INCLUDE_DIRS: C:/Users/ifate/AppData/Roaming/MathWorks/MATLAB/R2022a/ros2/win64/venv/Scripts/include
[10.718s] -- Using PYTHON_LIBRARIES: C:/Users/ifate/AppData/Roaming/MathWorks/MATLAB/R2022a/ros2/win64/venv/Scripts/libs/python39.lib
[10.828s] -- Found PythonExtra: .pyd  
[11.546s] -- Using numpy include directory: C:\Users\ifate\AppData\Roaming\MathWorks\MATLAB\R2022a\ros2\win64\venv\lib\site-packages\numpy\core\include
[11.734s] -- Configuring done
[12.593s] -- Generating done
[12.625s] -- Build files have been written to: C:/Users/ifate/Documents/MATLAB/airplay/simulink/build/ap_interfaces
[12.640s] Invoked command in 'C:\Users\ifate\Documents\MATLAB\airplay\simulink\build\ap_interfaces' returned '0': C:\Program Files\CMake\bin\cmake.EXE C:\Users\ifate\Documents\MATLAB\airplay\simulink\src\ap_interfaces -DCMAKE_INSTALL_PREFIX=C:\Users\ifate\Documents\MATLAB\airplay\simulink\install -G Visual Studio 16 2019
[12.640s] Invoking command in 'C:\Users\ifate\Documents\MATLAB\airplay\simulink\build\ap_interfaces': CL=/MP C:\Program Files\CMake\bin\cmake.EXE --build C:\Users\ifate\Documents\MATLAB\airplay\simulink\build\ap_interfaces --config Release
[13.000s] 用于 .NET Framework 的 Microsoft (R) 生成引擎版本 16.11.2+f32259642
[13.000s] 版权所有(C) Microsoft Corporation。保留所有权利。
[13.000s] 
[13.578s]   Checking Build System
[13.890s]   Generating C++ code for ROS interfaces
[14.578s]   Building Custom Rule C:/Users/ifate/Documents/MATLAB/airplay/simulink/src/ap_interfaces/CMakeLists.txt
[14.828s]   Generating C code for ROS interfaces
[15.375s]   Building Custom Rule C:/Users/ifate/Documents/MATLAB/airplay/simulink/src/ap_interfaces/CMakeLists.txt
[15.625s]   用于 x64 的 Microsoft (R) C/C++ 优化编译器 19.29.30145 版
[15.625s]   版权所有(C) Microsoft Corporation。保留所有权利。
[15.625s]   pos__functions.c
[15.625s]   cl /c /IC:\Users\ifate\Documents\MATLAB\airplay\simulink\src\ap_interfaces\include\ap_interfaces /IC:\Users\ifate\Documents\MATLAB\airplay\simulink\build\ap_interfaces\rosidl_generator_c /I"C:\Program Files\MATLAB\R2022a\sys\ros2\win64\ros2\include" /W3 /WX- /diagnostics:column /O2 /Ob2 /D _WINDLL /D _MBCS /D WIN32 /D _WINDOWS /D NDEBUG /D ROSIDL_GENERATOR_C_BUILDING_DLL_ap_interfaces /D "ROS_PACKAGE_NAME=\"ap_interfaces\"" /D "CMAKE_INTDIR=\"Release\"" /D ap_interfaces__rosidl_generator_c_EXPORTS /Gm- /MD /GS /fp:precise /Zc:wchar_t /Zc:forScope /Zc:inline /Fo"ap_interfaces__rosidl_generator_c.dir\Release\\" /Fd"ap_interfaces__rosidl_generator_c.dir\Release\vc142.pdb" /external:W3 /Gd /TC /errorReport:queue C:\Users\ifate\Documents\MATLAB\airplay\simulink\build\ap_interfaces\rosidl_generator_c\ap_interfaces\msg\detail\pos__functions.c
[16.031s]     正在创建库 C:/Users/ifate/Documents/MATLAB/airplay/simulink/build/ap_interfaces/Release/ap_interfaces__rosidl_generator_c.lib 和对象 C:/Users/ifate/Documents/MATLAB/airplay/simulink/build/ap_interfaces/Release/ap_interfaces__rosidl_generator_c.exp
[16.265s]   ap_interfaces__rosidl_generator_c.vcxproj -> C:\Users\ifate\Documents\MATLAB\airplay\simulink\build\ap_interfaces\Release\ap_interfaces__rosidl_generator_c.dll
[16.437s]   Generating C type support dispatch for ROS interfaces
[16.953s]   Building Custom Rule C:/Users/ifate/Documents/MATLAB/airplay/simulink/src/ap_interfaces/CMakeLists.txt
[17.156s]   用于 x64 的 Microsoft (R) C/C++ 优化编译器 19.29.30145 版
[17.156s]   版权所有(C) Microsoft Corporation。保留所有权利。
[17.156s]   cl /c /IC:\Users\ifate\Documents\MATLAB\airplay\simulink\src\ap_interfaces\include\ap_interfaces /IC:\Users\ifate\Documents\MATLAB\airplay\simulink\build\ap_interfaces\rosidl_generator_c /IC:\Users\ifate\Documents\MATLAB\airplay\simulink\build\ap_interfaces\rosidl_typesupport_c /I"C:\Program Files\MATLAB\R2022a\sys\ros2\win64\ros2\include" /W3 /WX- /diagnostics:column /O2 /Ob2 /D _WINDLL /D _MBCS /D WIN32 /D _WINDOWS /D NDEBUG /D ROSIDL_GENERATOR_C_BUILDING_DLL_ap_interfaces /D ROSIDL_TYPESUPPORT_C_BUILDING_DLL_ap_interfaces /D "ROS_PACKAGE_NAME=\"ap_interfaces\"" /D "CMAKE_INTDIR=\"Release\"" /D ap_interfaces__rosidl_typesupport_c_EXPORTS /Gm- /EHsc /MD /GS /fp:precise /Zc:wchar_t /Zc:forScope /Zc:inline /GR /std:c++14 /Fo"ap_interfaces__rosidl_typesupport_c.dir\Release\\" /Fd"ap_interfaces__rosidl_typesupport_c.dir\Release\vc142.pdb" /external:W3 /Gd /TP /errorReport:queue C:\Users\ifate\Documents\MATLAB\airplay\simulink\build\ap_interfaces\rosidl_typesupport_c\ap_interfaces\msg\pos__type_support.cpp
[17.156s]   pos__type_support.cpp
[17.359s]     正在创建库 C:/Users/ifate/Documents/MATLAB/airplay/simulink/build/ap_interfaces/Release/ap_interfaces__rosidl_typesupport_c.lib 和对象 C:/Users/ifate/Documents/MATLAB/airplay/simulink/build/ap_interfaces/Release/ap_interfaces__rosidl_typesupport_c.exp
[17.484s]   ap_interfaces__rosidl_typesupport_c.vcxproj -> C:\Users\ifate\Documents\MATLAB\airplay\simulink\build\ap_interfaces\Release\ap_interfaces__rosidl_typesupport_c.dll
[17.640s]   Generating C++ type support dispatch for ROS interfaces
[18.187s]   Building Custom Rule C:/Users/ifate/Documents/MATLAB/airplay/simulink/src/ap_interfaces/CMakeLists.txt
[18.375s]   用于 x64 的 Microsoft (R) C/C++ 优化编译器 19.29.30145 版
[18.375s]   版权所有(C) Microsoft Corporation。保留所有权利。
[18.375s]   cl /c /IC:\Users\ifate\Documents\MATLAB\airplay\simulink\src\ap_interfaces\include\ap_interfaces /IC:\Users\ifate\Documents\MATLAB\airplay\simulink\build\ap_interfaces\rosidl_generator_cpp /I"C:\Program Files\MATLAB\R2022a\sys\ros2\win64\ros2\include" /W3 /WX- /diagnostics:column /O2 /Ob2 /D _WINDLL /D _MBCS /D WIN32 /D _WINDOWS /D NDEBUG /D ROSIDL_TYPESUPPORT_CPP_BUILDING_DLL /D "ROS_PACKAGE_NAME=\"ap_interfaces\"" /D "CMAKE_INTDIR=\"Release\"" /D ap_interfaces__rosidl_typesupport_cpp_EXPORTS /Gm- /EHsc /MD /GS /fp:precise /Zc:wchar_t /Zc:forScope /Zc:inline /GR /std:c++14 /Fo"ap_interfaces__rosidl_typesupport_cpp.dir\Release\\" /Fd"ap_interfaces__rosidl_typesupport_cpp.dir\Release\vc142.pdb" /external:W3 /Gd /TP /errorReport:queue C:\Users\ifate\Documents\MATLAB\airplay\simulink\build\ap_interfaces\rosidl_typesupport_cpp\ap_interfaces\msg\pos__type_support.cpp
[18.375s]   pos__type_support.cpp
[18.890s]     正在创建库 C:/Users/ifate/Documents/MATLAB/airplay/simulink/build/ap_interfaces/Release/ap_interfaces__rosidl_typesupport_cpp.lib 和对象 C:/Users/ifate/Documents/MATLAB/airplay/simulink/build/ap_interfaces/Release/ap_interfaces__rosidl_typesupport_cpp.exp
[19.078s]   ap_interfaces__rosidl_typesupport_cpp.vcxproj -> C:\Users\ifate\Documents\MATLAB\airplay\simulink\build\ap_interfaces\Release\ap_interfaces__rosidl_typesupport_cpp.dll
[19.281s]   Generating C++ type support for eProsima Fast-RTPS
[19.796s]   Building Custom Rule C:/Users/ifate/Documents/MATLAB/airplay/simulink/src/ap_interfaces/CMakeLists.txt
[19.984s]   用于 x64 的 Microsoft (R) C/C++ 优化编译器 19.29.30145 版
[19.984s]   版权所有(C) Microsoft Corporation。保留所有权利。
[19.984s]   cl /c /IC:\Users\ifate\Documents\MATLAB\airplay\simulink\src\ap_interfaces\include\ap_interfaces /IC:\Users\ifate\Documents\MATLAB\airplay\simulink\build\ap_interfaces\rosidl_generator_cpp /IC:\Users\ifate\Documents\MATLAB\airplay\simulink\build\ap_interfaces\rosidl_typesupport_fastrtps_cpp /I"C:\Program Files\MATLAB\R2022a\sys\ros2\win64\ros2\include" /W4 /WX- /diagnostics:column /O2 /Ob2 /D _WINDLL /D _MBCS /D WIN32 /D _WINDOWS /D NDEBUG /D ROSIDL_TYPESUPPORT_FASTRTPS_CPP_BUILDING_DLL_ap_interfaces /D "ROS_PACKAGE_NAME=\"ap_interfaces\"" /D FASTRTPS_DYN_LINK /D FASTCDR_DYN_LINK /D "CMAKE_INTDIR=\"Release\"" /D ap_interfaces__rosidl_typesupport_fastrtps_cpp_EXPORTS /Gm- /EHsc /MD /GS /fp:precise /Zc:wchar_t /Zc:forScope /Zc:inline /GR /std:c++14 /Fo"ap_interfaces__rosidl_typesupport_fastrtps_cpp.dir\Release\\" /Fd"ap_interfaces__rosidl_typesupport_fastrtps_cpp.dir\Release\vc142.pdb" /external:W4 /Gd /TP /errorReport:queue C:\Users\ifate\Documents\MATLAB\airplay\simulink\build\ap_interfaces\rosidl_typesupport_fastrtps_cpp\ap_interfaces\msg\detail\dds_fastrtps\pos__type_support.cpp
[19.984s]   pos__type_support.cpp
[20.828s]     正在创建库 C:/Users/ifate/Documents/MATLAB/airplay/simulink/build/ap_interfaces/Release/ap_interfaces__rosidl_typesupport_fastrtps_cpp.lib 和对象 C:/Users/ifate/Documents/MATLAB/airplay/simulink/build/ap_interfaces/Release/ap_interfaces__rosidl_typesupport_fastrtps_cpp.exp
[20.968s]   ap_interfaces__rosidl_typesupport_fastrtps_cpp.vcxproj -> C:\Users\ifate\Documents\MATLAB\airplay\simulink\build\ap_interfaces\Release\ap_interfaces__rosidl_typesupport_fastrtps_cpp.dll
[21.062s]   Generating C type support for eProsima Fast-RTPS
[21.562s]   Building Custom Rule C:/Users/ifate/Documents/MATLAB/airplay/simulink/src/ap_interfaces/CMakeLists.txt
[21.765s]   用于 x64 的 Microsoft (R) C/C++ 优化编译器 19.29.30145 版
[21.765s]   版权所有(C) Microsoft Corporation。保留所有权利。
[21.765s]   cl /c /IC:\Users\ifate\Documents\MATLAB\airplay\simulink\src\ap_interfaces\include\ap_interfaces /IC:\Users\ifate\Documents\MATLAB\airplay\simulink\build\ap_interfaces\rosidl_generator_c /IC:\Users\ifate\Documents\MATLAB\airplay\simulink\build\ap_interfaces\rosidl_generator_cpp /IC:\Users\ifate\Documents\MATLAB\airplay\simulink\build\ap_interfaces\rosidl_typesupport_fastrtps_c /IC:\Users\ifate\Documents\MATLAB\airplay\simulink\build\ap_interfaces\rosidl_typesupport_fastrtps_cpp /I"C:\Program Files\MATLAB\R2022a\sys\ros2\win64\ros2\include" /W4 /WX- /diagnostics:column /O2 /Ob2 /D _WINDLL /D _MBCS /D WIN32 /D _WINDOWS /D NDEBUG /D ROSIDL_TYPESUPPORT_FASTRTPS_C_BUILDING_DLL_ap_interfaces /D "ROS_PACKAGE_NAME=\"ap_interfaces\"" /D FASTRTPS_DYN_LINK /D FASTCDR_DYN_LINK /D "CMAKE_INTDIR=\"Release\"" /D ap_interfaces__rosidl_typesupport_fastrtps_c_EXPORTS /Gm- /EHsc /MD /GS /fp:precise /Zc:wchar_t /Zc:forScope /Zc:inline /GR /std:c++14 /Fo"ap_interfaces__rosidl_typesupport_fastrtps_c.dir\Release\\" /Fd"ap_interfaces__rosidl_typesupport_fastrtps_c.dir\Release\vc142.pdb" /external:W4 /Gd /TP /errorReport:queue C:\Users\ifate\Documents\MATLAB\airplay\simulink\build\ap_interfaces\rosidl_typesupport_fastrtps_c\ap_interfaces\msg\detail\pos__type_support_c.cpp
[21.765s]   pos__type_support_c.cpp
[22.421s]     正在创建库 C:/Users/ifate/Documents/MATLAB/airplay/simulink/build/ap_interfaces/Release/ap_interfaces__rosidl_typesupport_fastrtps_c.lib 和对象 C:/Users/ifate/Documents/MATLAB/airplay/simulink/build/ap_interfaces/Release/ap_interfaces__rosidl_typesupport_fastrtps_c.exp
[22.578s]   ap_interfaces__rosidl_typesupport_fastrtps_c.vcxproj -> C:\Users\ifate\Documents\MATLAB\airplay\simulink\build\ap_interfaces\Release\ap_interfaces__rosidl_typesupport_fastrtps_c.dll
[22.718s]   Generating C introspection for ROS interfaces
[23.203s]   Building Custom Rule C:/Users/ifate/Documents/MATLAB/airplay/simulink/src/ap_interfaces/CMakeLists.txt
[23.375s]   用于 x64 的 Microsoft (R) C/C++ 优化编译器 19.29.30145 版
[23.375s]   版权所有(C) Microsoft Corporation。保留所有权利。
[23.375s]   cl /c /IC:\Users\ifate\Documents\MATLAB\airplay\simulink\src\ap_interfaces\include\ap_interfaces /IC:\Users\ifate\Documents\MATLAB\airplay\simulink\build\ap_interfaces\rosidl_generator_c /IC:\Users\ifate\Documents\MATLAB\airplay\simulink\build\ap_interfaces\rosidl_typesupport_introspection_c /I"C:\Program Files\MATLAB\R2022a\sys\ros2\win64\ros2\include" /W3 /WX- /diagnostics:column /O2 /Ob2 /D _WINDLL /D _MBCS /D WIN32 /D _WINDOWS /D NDEBUG /D ROSIDL_TYPESUPPORT_INTROSPECTION_C_BUILDING_DLL_ap_interfaces /D "ROS_PACKAGE_NAME=\"ap_interfaces\"" /D "CMAKE_INTDIR=\"Release\"" /D ap_interfaces__rosidl_typesupport_introspection_c_EXPORTS /Gm- /MD /GS /fp:precise /Zc:wchar_t /Zc:forScope /Zc:inline /Fo"ap_interfaces__rosidl_typesupport_introspection_c.dir\Release\\" /Fd"ap_interfaces__rosidl_typesupport_introspection_c.dir\Release\vc142.pdb" /external:W3 /Gd /TC /errorReport:queue C:\Users\ifate\Documents\MATLAB\airplay\simulink\build\ap_interfaces\rosidl_typesupport_introspection_c\ap_interfaces\msg\detail\pos__type_support.c
[23.375s]   pos__type_support.c
[23.546s]     正在创建库 C:/Users/ifate/Documents/MATLAB/airplay/simulink/build/ap_interfaces/Release/ap_interfaces__rosidl_typesupport_introspection_c.lib 和对象 C:/Users/ifate/Documents/MATLAB/airplay/simulink/build/ap_interfaces/Release/ap_interfaces__rosidl_typesupport_introspection_c.exp
[23.687s]   ap_interfaces__rosidl_typesupport_introspection_c.vcxproj -> C:\Users\ifate\Documents\MATLAB\airplay\simulink\build\ap_interfaces\Release\ap_interfaces__rosidl_typesupport_introspection_c.dll
[23.828s]   Generating C++ introspection for ROS interfaces
[24.343s]   Building Custom Rule C:/Users/ifate/Documents/MATLAB/airplay/simulink/src/ap_interfaces/CMakeLists.txt
[24.515s]   用于 x64 的 Microsoft (R) C/C++ 优化编译器 19.29.30145 版
[24.515s]   版权所有(C) Microsoft Corporation。保留所有权利。
[24.531s]   cl /c /IC:\Users\ifate\Documents\MATLAB\airplay\simulink\src\ap_interfaces\include\ap_interfaces /IC:\Users\ifate\Documents\MATLAB\airplay\simulink\build\ap_interfaces\rosidl_generator_cpp /I"C:\Program Files\MATLAB\R2022a\sys\ros2\win64\ros2\include" /W3 /WX- /diagnostics:column /O2 /Ob2 /D _WINDLL /D _MBCS /D WIN32 /D _WINDOWS /D NDEBUG /D ROSIDL_TYPESUPPORT_INTROSPECTION_CPP_BUILDING_DLL /D "ROS_PACKAGE_NAME=\"ap_interfaces\"" /D "CMAKE_INTDIR=\"Release\"" /D ap_interfaces__rosidl_typesupport_introspection_cpp_EXPORTS /Gm- /EHsc /MD /GS /fp:precise /Zc:wchar_t /Zc:forScope /Zc:inline /GR /std:c++14 /Fo"ap_interfaces__rosidl_typesupport_introspection_cpp.dir\Release\\" /Fd"ap_interfaces__rosidl_typesupport_introspection_cpp.dir\Release\vc142.pdb" /external:W3 /Gd /TP /errorReport:queue C:\Users\ifate\Documents\MATLAB\airplay\simulink\build\ap_interfaces\rosidl_typesupport_introspection_cpp\ap_interfaces\msg\detail\pos__type_support.cpp
[24.531s]   pos__type_support.cpp
[25.093s]     正在创建库 C:/Users/ifate/Documents/MATLAB/airplay/simulink/build/ap_interfaces/Release/ap_interfaces__rosidl_typesupport_introspection_cpp.lib 和对象 C:/Users/ifate/Documents/MATLAB/airplay/simulink/build/ap_interfaces/Release/ap_interfaces__rosidl_typesupport_introspection_cpp.exp
[25.218s]   ap_interfaces__rosidl_typesupport_introspection_cpp.vcxproj -> C:\Users\ifate\Documents\MATLAB\airplay\simulink\build\ap_interfaces\Release\ap_interfaces__rosidl_typesupport_introspection_cpp.dll
[25.328s]   Building Custom Rule C:/Users/ifate/Documents/MATLAB/airplay/simulink/src/ap_interfaces/CMakeLists.txt
[25.640s]   Generating Python code for ROS interfaces
[26.453s]   Building Custom Rule C:/Users/ifate/Documents/MATLAB/airplay/simulink/build/ap_interfaces/ap_interfaces__py/CMakeLists.txt
[26.593s]   Building Custom Rule C:/Users/ifate/Documents/MATLAB/airplay/simulink/src/ap_interfaces/CMakeLists.txt
[26.796s]   用于 x64 的 Microsoft (R) C/C++ 优化编译器 19.29.30145 版
[26.796s]   版权所有(C) Microsoft Corporation。保留所有权利。
[26.796s]   cl /c /IC:\Users\ifate\Documents\MATLAB\airplay\simulink\src\ap_interfaces\include\ap_interfaces /IC:\Users\ifate\Documents\MATLAB\airplay\simulink\build\ap_interfaces\rosidl_generator_c /IC:\Users\ifate\Documents\MATLAB\airplay\simulink\build\ap_interfaces\rosidl_generator_py /IC:\Users\ifate\AppData\Roaming\MathWorks\MATLAB\R2022a\ros2\win64\venv\Scripts\include /I"C:\Users\ifate\AppData\Roaming\MathWorks\MATLAB\R2022a\ros2\win64\venv\lib\site-packages\numpy\core\include" /IC:\Users\ifate\Documents\MATLAB\airplay\simulink\build\ap_interfaces\rosidl_typesupport_c /I"C:\Program Files\MATLAB\R2022a\sys\ros2\win64\ros2\include" /W3 /WX- /diagnostics:column /O2 /Ob2 /D _WINDLL /D _MBCS /D WIN32 /D _WINDOWS /D NDEBUG /D "ROS_PACKAGE_NAME=\"ap_interfaces\"" /D "CMAKE_INTDIR=\"Release\"" /D ap_interfaces__python_EXPORTS /Gm- /MD /GS /fp:precise /Zc:wchar_t /Zc:forScope /Zc:inline /Fo"ap_interfaces__python.dir\Release\\" /Fd"ap_interfaces__python.dir\Release\vc142.pdb" /external:W3 /Gd /TC /errorReport:queue C:\Users\ifate\Documents\MATLAB\airplay\simulink\build\ap_interfaces\rosidl_generator_py\ap_interfaces\msg\_pos_s.c
[26.796s]   _pos_s.c
[27.218s]     正在创建库 C:/Users/ifate/Documents/MATLAB/airplay/simulink/build/ap_interfaces/Release/ap_interfaces__python.lib 和对象 C:/Users/ifate/Documents/MATLAB/airplay/simulink/build/ap_interfaces/Release/ap_interfaces__python.exp
[27.406s]   ap_interfaces__python.vcxproj -> C:\Users\ifate\Documents\MATLAB\airplay\simulink\build\ap_interfaces\rosidl_generator_py\ap_interfaces\ap_interfaces__python.dll
[27.578s]   Building Custom Rule C:/Users/ifate/Documents/MATLAB/airplay/simulink/src/ap_interfaces/CMakeLists.txt
[27.750s]   用于 x64 的 Microsoft (R) C/C++ 优化编译器 19.29.30145 版
[27.750s]   版权所有(C) Microsoft Corporation。保留所有权利。
[27.765s]   cl /c /IC:\Users\ifate\Documents\MATLAB\airplay\simulink\src\ap_interfaces\include\ap_interfaces /IC:\Users\ifate\Documents\MATLAB\airplay\simulink\build\ap_interfaces\rosidl_generator_c /IC:\Users\ifate\Documents\MATLAB\airplay\simulink\build\ap_interfaces\rosidl_generator_py /IC:\Users\ifate\AppData\Roaming\MathWorks\MATLAB\R2022a\ros2\win64\venv\Scripts\include /IC:\Users\ifate\Documents\MATLAB\airplay\simulink\build\ap_interfaces\rosidl_typesupport_c /I"C:\Users\ifate\AppData\Roaming\MathWorks\MATLAB\R2022a\ros2\win64\venv\lib\site-packages\numpy\core\include" /I"C:\Program Files\MATLAB\R2022a\sys\ros2\win64\ros2\include" /W3 /WX- /diagnostics:column /O2 /Ob2 /D _WINDLL /D _MBCS /D WIN32 /D _WINDOWS /D NDEBUG /D "ROS_PACKAGE_NAME=\"ap_interfaces\"" /D "CMAKE_INTDIR=\"Release\"" /D ap_interfaces__rosidl_typesupport_c__pyext_EXPORTS /Gm- /MD /GS /fp:precise /Zc:wchar_t /Zc:forScope /Zc:inline /Fo"ap_interfaces__rosidl_typesupport_c__pyext.dir\Release\\" /Fd"ap_interfaces__rosidl_typesupport_c__pyext.dir\Release\vc142.pdb" /external:W3 /Gd /TC /errorReport:queue C:\Users\ifate\Documents\MATLAB\airplay\simulink\build\ap_interfaces\rosidl_generator_py\ap_interfaces\_ap_interfaces_s.ep.rosidl_typesupport_c.c
[27.765s]   _ap_interfaces_s.ep.rosidl_typesupport_c.c
[28.015s]     正在创建库 C:/Users/ifate/Documents/MATLAB/airplay/simulink/build/ap_interfaces/Release/ap_interfaces_s__rosidl_typesupport_c.lib 和对象 C:/Users/ifate/Documents/MATLAB/airplay/simulink/build/ap_interfaces/Release/ap_interfaces_s__rosidl_typesupport_c.exp
[28.140s]   ap_interfaces__rosidl_typesupport_c__pyext.vcxproj -> C:\Users\ifate\Documents\MATLAB\airplay\simulink\build\ap_interfaces\rosidl_generator_py\ap_interfaces\ap_interfaces_s__rosidl_typesupport_c.pyd
[28.312s]   Building Custom Rule C:/Users/ifate/Documents/MATLAB/airplay/simulink/src/ap_interfaces/CMakeLists.txt
[28.484s]   用于 x64 的 Microsoft (R) C/C++ 优化编译器 19.29.30145 版
[28.484s]   版权所有(C) Microsoft Corporation。保留所有权利。
[28.484s]   cl /c /IC:\Users\ifate\Documents\MATLAB\airplay\simulink\src\ap_interfaces\include\ap_interfaces /IC:\Users\ifate\Documents\MATLAB\airplay\simulink\build\ap_interfaces\rosidl_generator_c /IC:\Users\ifate\Documents\MATLAB\airplay\simulink\build\ap_interfaces\rosidl_generator_py /IC:\Users\ifate\AppData\Roaming\MathWorks\MATLAB\R2022a\ros2\win64\venv\Scripts\include /IC:\Users\ifate\Documents\MATLAB\airplay\simulink\build\ap_interfaces\rosidl_typesupport_c /I"C:\Users\ifate\AppData\Roaming\MathWorks\MATLAB\R2022a\ros2\win64\venv\lib\site-packages\numpy\core\include" /IC:\Users\ifate\Documents\MATLAB\airplay\simulink\build\ap_interfaces\rosidl_generator_cpp /IC:\Users\ifate\Documents\MATLAB\airplay\simulink\build\ap_interfaces\rosidl_typesupport_fastrtps_c /IC:\Users\ifate\Documents\MATLAB\airplay\simulink\build\ap_interfaces\rosidl_typesupport_fastrtps_cpp /I"C:\Program Files\MATLAB\R2022a\sys\ros2\win64\ros2\include" /W3 /WX- /diagnostics:column /O2 /Ob2 /D _WINDLL /D _MBCS /D WIN32 /D _WINDOWS /D NDEBUG /D "ROS_PACKAGE_NAME=\"ap_interfaces\"" /D FASTRTPS_DYN_LINK /D FASTCDR_DYN_LINK /D "CMAKE_INTDIR=\"Release\"" /D ap_interfaces__rosidl_typesupport_fastrtps_c__pyext_EXPORTS /Gm- /MD /GS /fp:precise /Zc:wchar_t /Zc:forScope /Zc:inline /Fo"ap_interfaces__rosidl_typesupport_fastrtps_c__pyext.dir\Release\\" /Fd"ap_interfaces__rosidl_typesupport_fastrtps_c__pyext.dir\Release\vc142.pdb" /external:W3 /Gd /TC /errorReport:queue C:\Users\ifate\Documents\MATLAB\airplay\simulink\build\ap_interfaces\rosidl_generator_py\ap_interfaces\_ap_interfaces_s.ep.rosidl_typesupport_fastrtps_c.c
[28.484s]   _ap_interfaces_s.ep.rosidl_typesupport_fastrtps_c.c
[28.750s]     正在创建库 C:/Users/ifate/Documents/MATLAB/airplay/simulink/build/ap_interfaces/Release/ap_interfaces_s__rosidl_typesupport_fastrtps_c.lib 和对象 C:/Users/ifate/Documents/MATLAB/airplay/simulink/build/ap_interfaces/Release/ap_interfaces_s__rosidl_typesupport_fastrtps_c.exp
[28.875s]   ap_interfaces__rosidl_typesupport_fastrtps_c__pyext.vcxproj -> C:\Users\ifate\Documents\MATLAB\airplay\simulink\build\ap_interfaces\rosidl_generator_py\ap_interfaces\ap_interfaces_s__rosidl_typesupport_fastrtps_c.pyd
[29.046s]   Building Custom Rule C:/Users/ifate/Documents/MATLAB/airplay/simulink/src/ap_interfaces/CMakeLists.txt
[29.218s]   用于 x64 的 Microsoft (R) C/C++ 优化编译器 19.29.30145 版
[29.218s]   版权所有(C) Microsoft Corporation。保留所有权利。
[29.218s]   cl /c /IC:\Users\ifate\Documents\MATLAB\airplay\simulink\src\ap_interfaces\include\ap_interfaces /IC:\Users\ifate\Documents\MATLAB\airplay\simulink\build\ap_interfaces\rosidl_generator_c /IC:\Users\ifate\Documents\MATLAB\airplay\simulink\build\ap_interfaces\rosidl_generator_py /IC:\Users\ifate\AppData\Roaming\MathWorks\MATLAB\R2022a\ros2\win64\venv\Scripts\include /IC:\Users\ifate\Documents\MATLAB\airplay\simulink\build\ap_interfaces\rosidl_typesupport_c /I"C:\Users\ifate\AppData\Roaming\MathWorks\MATLAB\R2022a\ros2\win64\venv\lib\site-packages\numpy\core\include" /IC:\Users\ifate\Documents\MATLAB\airplay\simulink\build\ap_interfaces\rosidl_typesupport_introspection_c /I"C:\Program Files\MATLAB\R2022a\sys\ros2\win64\ros2\include" /W3 /WX- /diagnostics:column /O2 /Ob2 /D _WINDLL /D _MBCS /D WIN32 /D _WINDOWS /D NDEBUG /D "ROS_PACKAGE_NAME=\"ap_interfaces\"" /D "CMAKE_INTDIR=\"Release\"" /D ap_interfaces__rosidl_typesupport_introspection_c__pyext_EXPORTS /Gm- /MD /GS /fp:precise /Zc:wchar_t /Zc:forScope /Zc:inline /Fo"ap_interfaces__rosidl_typesupport_introspection_c__pyext.dir\Release\\" /Fd"ap_interfaces__rosidl_typesupport_introspection_c__pyext.dir\Release\vc142.pdb" /external:W3 /Gd /TC /errorReport:queue C:\Users\ifate\Documents\MATLAB\airplay\simulink\build\ap_interfaces\rosidl_generator_py\ap_interfaces\_ap_interfaces_s.ep.rosidl_typesupport_introspection_c.c
[29.218s]   _ap_interfaces_s.ep.rosidl_typesupport_introspection_c.c
[29.546s]     正在创建库 C:/Users/ifate/Documents/MATLAB/airplay/simulink/build/ap_interfaces/Release/ap_interfaces_s__rosidl_typesupport_introspection_c.lib 和对象 C:/Users/ifate/Documents/MATLAB/airplay/simulink/build/ap_interfaces/Release/ap_interfaces_s__rosidl_typesupport_introspection_c.exp
[29.703s]   ap_interfaces__rosidl_typesupport_introspection_c__pyext.vcxproj -> C:\Users\ifate\Documents\MATLAB\airplay\simulink\build\ap_interfaces\rosidl_generator_py\ap_interfaces\ap_interfaces_s__rosidl_typesupport_introspection_c.pyd
[29.828s]   Building Custom Rule C:/Users/ifate/Documents/MATLAB/airplay/simulink/src/ap_interfaces/CMakeLists.txt
[29.953s] Invoked command in 'C:\Users\ifate\Documents\MATLAB\airplay\simulink\build\ap_interfaces' returned '0': CL=/MP C:\Program Files\CMake\bin\cmake.EXE --build C:\Users\ifate\Documents\MATLAB\airplay\simulink\build\ap_interfaces --config Release
[30.015s] Invoking command in 'C:\Users\ifate\Documents\MATLAB\airplay\simulink\build\ap_interfaces': C:\Program Files\CMake\bin\cmake.EXE --install C:\Users\ifate\Documents\MATLAB\airplay\simulink\build\ap_interfaces --config Release
[30.062s] -- Installing: C:/Users/ifate/Documents/MATLAB/airplay/simulink/install/share/ament_index/resource_index/rosidl_interfaces/ap_interfaces
[30.062s] -- Installing: C:/Users/ifate/Documents/MATLAB/airplay/simulink/install/include/ap_interfaces
[30.078s] -- Installing: C:/Users/ifate/Documents/MATLAB/airplay/simulink/install/include/ap_interfaces/msg
[30.078s] -- Installing: C:/Users/ifate/Documents/MATLAB/airplay/simulink/install/include/ap_interfaces/msg/detail
[30.078s] -- Installing: C:/Users/ifate/Documents/MATLAB/airplay/simulink/install/include/ap_interfaces/msg/detail/pos__functions.c
[30.093s] -- Installing: C:/Users/ifate/Documents/MATLAB/airplay/simulink/install/include/ap_interfaces/msg/detail/pos__functions.h
[30.109s] -- Installing: C:/Users/ifate/Documents/MATLAB/airplay/simulink/install/include/ap_interfaces/msg/detail/pos__struct.h
[30.109s] -- Installing: C:/Users/ifate/Documents/MATLAB/airplay/simulink/install/include/ap_interfaces/msg/detail/pos__type_support.h
[30.125s] -- Installing: C:/Users/ifate/Documents/MATLAB/airplay/simulink/install/include/ap_interfaces/msg/pos.h
[30.140s] -- Installing: C:/Users/ifate/Documents/MATLAB/airplay/simulink/install/include/ap_interfaces/msg/rosidl_generator_c__visibility_control.h
[30.140s] -- Installing: C:/Users/ifate/Documents/MATLAB/airplay/simulink/install/lib/ap_interfaces__rosidl_generator_c.lib
[30.156s] -- Installing: C:/Users/ifate/Documents/MATLAB/airplay/simulink/install/bin/ap_interfaces__rosidl_generator_c.dll
[30.171s] -- Up-to-date: C:/Users/ifate/Documents/MATLAB/airplay/simulink/install/include/ap_interfaces
[30.171s] -- Up-to-date: C:/Users/ifate/Documents/MATLAB/airplay/simulink/install/include/ap_interfaces/msg
[30.171s] -- Up-to-date: C:/Users/ifate/Documents/MATLAB/airplay/simulink/install/include/ap_interfaces/msg/detail
[30.171s] -- Installing: C:/Users/ifate/Documents/MATLAB/airplay/simulink/install/include/ap_interfaces/msg/detail/pos__rosidl_typesupport_fastrtps_c.h
[30.187s] -- Installing: C:/Users/ifate/Documents/MATLAB/airplay/simulink/install/include/ap_interfaces/msg/rosidl_typesupport_fastrtps_c__visibility_control.h
[30.187s] -- Installing: C:/Users/ifate/Documents/MATLAB/airplay/simulink/install/lib/ap_interfaces__rosidl_typesupport_fastrtps_c.lib
[30.218s] -- Installing: C:/Users/ifate/Documents/MATLAB/airplay/simulink/install/bin/ap_interfaces__rosidl_typesupport_fastrtps_c.dll
[30.218s] -- Up-to-date: C:/Users/ifate/Documents/MATLAB/airplay/simulink/install/include/ap_interfaces
[30.218s] -- Up-to-date: C:/Users/ifate/Documents/MATLAB/airplay/simulink/install/include/ap_interfaces/msg
[30.218s] -- Up-to-date: C:/Users/ifate/Documents/MATLAB/airplay/simulink/install/include/ap_interfaces/msg/detail
[30.218s] -- Installing: C:/Users/ifate/Documents/MATLAB/airplay/simulink/install/include/ap_interfaces/msg/detail/dds_fastrtps
[30.218s] -- Installing: C:/Users/ifate/Documents/MATLAB/airplay/simulink/install/include/ap_interfaces/msg/detail/pos__rosidl_typesupport_fastrtps_cpp.hpp
[30.234s] -- Installing: C:/Users/ifate/Documents/MATLAB/airplay/simulink/install/include/ap_interfaces/msg/rosidl_typesupport_fastrtps_cpp__visibility_control.h
[30.234s] -- Installing: C:/Users/ifate/Documents/MATLAB/airplay/simulink/install/lib/ap_interfaces__rosidl_typesupport_fastrtps_cpp.lib
[30.265s] -- Installing: C:/Users/ifate/Documents/MATLAB/airplay/simulink/install/bin/ap_interfaces__rosidl_typesupport_fastrtps_cpp.dll
[30.265s] -- Up-to-date: C:/Users/ifate/Documents/MATLAB/airplay/simulink/install/include/ap_interfaces
[30.265s] -- Up-to-date: C:/Users/ifate/Documents/MATLAB/airplay/simulink/install/include/ap_interfaces/msg
[30.265s] -- Up-to-date: C:/Users/ifate/Documents/MATLAB/airplay/simulink/install/include/ap_interfaces/msg/detail
[30.281s] -- Installing: C:/Users/ifate/Documents/MATLAB/airplay/simulink/install/include/ap_interfaces/msg/detail/pos__rosidl_typesupport_introspection_c.h
[30.296s] -- Installing: C:/Users/ifate/Documents/MATLAB/airplay/simulink/install/include/ap_interfaces/msg/detail/pos__type_support.c
[30.296s] -- Installing: C:/Users/ifate/Documents/MATLAB/airplay/simulink/install/include/ap_interfaces/msg/rosidl_typesupport_introspection_c__visibility_control.h
[30.312s] -- Installing: C:/Users/ifate/Documents/MATLAB/airplay/simulink/install/lib/ap_interfaces__rosidl_typesupport_introspection_c.lib
[30.328s] -- Installing: C:/Users/ifate/Documents/MATLAB/airplay/simulink/install/bin/ap_interfaces__rosidl_typesupport_introspection_c.dll
[30.343s] -- Installing: C:/Users/ifate/Documents/MATLAB/airplay/simulink/install/lib/ap_interfaces__rosidl_typesupport_c.lib
[30.359s] -- Installing: C:/Users/ifate/Documents/MATLAB/airplay/simulink/install/bin/ap_interfaces__rosidl_typesupport_c.dll
[30.359s] -- Up-to-date: C:/Users/ifate/Documents/MATLAB/airplay/simulink/install/include/ap_interfaces
[30.359s] -- Up-to-date: C:/Users/ifate/Documents/MATLAB/airplay/simulink/install/include/ap_interfaces/msg
[30.359s] -- Up-to-date: C:/Users/ifate/Documents/MATLAB/airplay/simulink/install/include/ap_interfaces/msg/detail
[30.375s] -- Installing: C:/Users/ifate/Documents/MATLAB/airplay/simulink/install/include/ap_interfaces/msg/detail/pos__builder.hpp
[30.375s] -- Installing: C:/Users/ifate/Documents/MATLAB/airplay/simulink/install/include/ap_interfaces/msg/detail/pos__struct.hpp
[30.390s] -- Installing: C:/Users/ifate/Documents/MATLAB/airplay/simulink/install/include/ap_interfaces/msg/detail/pos__traits.hpp
[30.406s] -- Installing: C:/Users/ifate/Documents/MATLAB/airplay/simulink/install/include/ap_interfaces/msg/pos.hpp
[30.406s] -- Up-to-date: C:/Users/ifate/Documents/MATLAB/airplay/simulink/install/include/ap_interfaces
[30.406s] -- Up-to-date: C:/Users/ifate/Documents/MATLAB/airplay/simulink/install/include/ap_interfaces/msg
[30.406s] -- Up-to-date: C:/Users/ifate/Documents/MATLAB/airplay/simulink/install/include/ap_interfaces/msg/detail
[30.406s] -- Installing: C:/Users/ifate/Documents/MATLAB/airplay/simulink/install/include/ap_interfaces/msg/detail/pos__rosidl_typesupport_introspection_cpp.hpp
[30.421s] -- Installing: C:/Users/ifate/Documents/MATLAB/airplay/simulink/install/include/ap_interfaces/msg/detail/pos__type_support.cpp
[30.437s] -- Installing: C:/Users/ifate/Documents/MATLAB/airplay/simulink/install/lib/ap_interfaces__rosidl_typesupport_introspection_cpp.lib
[30.453s] -- Installing: C:/Users/ifate/Documents/MATLAB/airplay/simulink/install/bin/ap_interfaces__rosidl_typesupport_introspection_cpp.dll
[30.453s] -- Installing: C:/Users/ifate/Documents/MATLAB/airplay/simulink/install/lib/ap_interfaces__rosidl_typesupport_cpp.lib
[30.484s] -- Installing: C:/Users/ifate/Documents/MATLAB/airplay/simulink/install/bin/ap_interfaces__rosidl_typesupport_cpp.dll
[30.484s] -- Installing: C:/Users/ifate/Documents/MATLAB/airplay/simulink/install/share/ap_interfaces/environment/pythonpath.bat
[30.484s] -- Installing: C:/Users/ifate/Documents/MATLAB/airplay/simulink/install/share/ap_interfaces/environment/pythonpath.dsv
[30.500s] -- Installing: C:/Users/ifate/Documents/MATLAB/airplay/simulink/install/Lib/site-packages/ap_interfaces/__init__.py
[30.812s] Compiling 'C:/Users/ifate/Documents/MATLAB/airplay/simulink/install/Lib/site-packages/ap_interfaces/__init__.py'...
[30.828s] -- Installing: C:/Users/ifate/Documents/MATLAB/airplay/simulink/install/Lib/site-packages/ap_interfaces/msg
[30.859s] -- Installing: C:/Users/ifate/Documents/MATLAB/airplay/simulink/install/Lib/site-packages/ap_interfaces/msg/_pos.py
[30.890s] -- Installing: C:/Users/ifate/Documents/MATLAB/airplay/simulink/install/Lib/site-packages/ap_interfaces/msg/_pos_s.c
[30.921s] -- Installing: C:/Users/ifate/Documents/MATLAB/airplay/simulink/install/Lib/site-packages/ap_interfaces/msg/__init__.py
[30.937s] -- Installing: C:/Users/ifate/Documents/MATLAB/airplay/simulink/install/Lib/site-packages/ap_interfaces/ap_interfaces_s__rosidl_typesupport_fastrtps_c.lib
[30.984s] -- Installing: C:/Users/ifate/Documents/MATLAB/airplay/simulink/install/Lib/site-packages/ap_interfaces/ap_interfaces_s__rosidl_typesupport_fastrtps_c.pyd
[31.000s] -- Installing: C:/Users/ifate/Documents/MATLAB/airplay/simulink/install/Lib/site-packages/ap_interfaces/ap_interfaces_s__rosidl_typesupport_introspection_c.lib
[31.031s] -- Installing: C:/Users/ifate/Documents/MATLAB/airplay/simulink/install/Lib/site-packages/ap_interfaces/ap_interfaces_s__rosidl_typesupport_introspection_c.pyd
[31.031s] -- Installing: C:/Users/ifate/Documents/MATLAB/airplay/simulink/install/Lib/site-packages/ap_interfaces/ap_interfaces_s__rosidl_typesupport_c.lib
[31.062s] -- Installing: C:/Users/ifate/Documents/MATLAB/airplay/simulink/install/Lib/site-packages/ap_interfaces/ap_interfaces_s__rosidl_typesupport_c.pyd
[31.062s] -- Installing: C:/Users/ifate/Documents/MATLAB/airplay/simulink/install/lib/ap_interfaces__python.lib
[31.093s] -- Installing: C:/Users/ifate/Documents/MATLAB/airplay/simulink/install/bin/ap_interfaces__python.dll
[31.093s] -- Installing: C:/Users/ifate/Documents/MATLAB/airplay/simulink/install/share/ap_interfaces/msg/Pos.idl
[31.093s] -- Installing: C:/Users/ifate/Documents/MATLAB/airplay/simulink/install/share/ap_interfaces/msg/Pos.msg
[31.109s] -- Installing: C:/Users/ifate/Documents/MATLAB/airplay/simulink/install/share/ament_index/resource_index/package_run_dependencies/ap_interfaces
[31.109s] -- Installing: C:/Users/ifate/Documents/MATLAB/airplay/simulink/install/share/ament_index/resource_index/parent_prefix_path/ap_interfaces
[31.109s] -- Installing: C:/Users/ifate/Documents/MATLAB/airplay/simulink/install/share/ap_interfaces/environment/ament_prefix_path.bat
[31.125s] -- Installing: C:/Users/ifate/Documents/MATLAB/airplay/simulink/install/share/ap_interfaces/environment/ament_prefix_path.dsv
[31.125s] -- Installing: C:/Users/ifate/Documents/MATLAB/airplay/simulink/install/share/ap_interfaces/environment/path.bat
[31.125s] -- Installing: C:/Users/ifate/Documents/MATLAB/airplay/simulink/install/share/ap_interfaces/environment/path.dsv
[31.140s] -- Installing: C:/Users/ifate/Documents/MATLAB/airplay/simulink/install/share/ap_interfaces/local_setup.bat
[31.140s] -- Installing: C:/Users/ifate/Documents/MATLAB/airplay/simulink/install/share/ap_interfaces/local_setup.dsv
[31.156s] -- Installing: C:/Users/ifate/Documents/MATLAB/airplay/simulink/install/share/ap_interfaces/package.dsv
[31.156s] -- Installing: C:/Users/ifate/Documents/MATLAB/airplay/simulink/install/share/ament_index/resource_index/packages/ap_interfaces
[31.171s] -- Installing: C:/Users/ifate/Documents/MATLAB/airplay/simulink/install/share/ap_interfaces/cmake/ap_interfaces__rosidl_generator_cExport.cmake
[31.171s] -- Installing: C:/Users/ifate/Documents/MATLAB/airplay/simulink/install/share/ap_interfaces/cmake/ap_interfaces__rosidl_generator_cExport-release.cmake
[31.187s] -- Installing: C:/Users/ifate/Documents/MATLAB/airplay/simulink/install/share/ap_interfaces/cmake/ap_interfaces__rosidl_typesupport_introspection_cExport.cmake
[31.187s] -- Installing: C:/Users/ifate/Documents/MATLAB/airplay/simulink/install/share/ap_interfaces/cmake/ap_interfaces__rosidl_typesupport_introspection_cExport-release.cmake
[31.203s] -- Installing: C:/Users/ifate/Documents/MATLAB/airplay/simulink/install/share/ap_interfaces/cmake/ap_interfaces__rosidl_typesupport_cExport.cmake
[31.203s] -- Installing: C:/Users/ifate/Documents/MATLAB/airplay/simulink/install/share/ap_interfaces/cmake/ap_interfaces__rosidl_typesupport_cExport-release.cmake
[31.218s] -- Installing: C:/Users/ifate/Documents/MATLAB/airplay/simulink/install/share/ap_interfaces/cmake/ap_interfaces__rosidl_generator_cppExport.cmake
[31.234s] -- Installing: C:/Users/ifate/Documents/MATLAB/airplay/simulink/install/share/ap_interfaces/cmake/ap_interfaces__rosidl_typesupport_introspection_cppExport.cmake
[31.234s] -- Installing: C:/Users/ifate/Documents/MATLAB/airplay/simulink/install/share/ap_interfaces/cmake/ap_interfaces__rosidl_typesupport_introspection_cppExport-release.cmake
[31.250s] -- Installing: C:/Users/ifate/Documents/MATLAB/airplay/simulink/install/share/ap_interfaces/cmake/ap_interfaces__rosidl_typesupport_cppExport.cmake
[31.250s] -- Installing: C:/Users/ifate/Documents/MATLAB/airplay/simulink/install/share/ap_interfaces/cmake/ap_interfaces__rosidl_typesupport_cppExport-release.cmake
[31.250s] -- Installing: C:/Users/ifate/Documents/MATLAB/airplay/simulink/install/share/ap_interfaces/cmake/rosidl_cmake-extras.cmake
[31.265s] -- Installing: C:/Users/ifate/Documents/MATLAB/airplay/simulink/install/share/ap_interfaces/cmake/ament_cmake_export_dependencies-extras.cmake
[31.265s] -- Installing: C:/Users/ifate/Documents/MATLAB/airplay/simulink/install/share/ap_interfaces/cmake/ament_cmake_export_libraries-extras.cmake
[31.265s] -- Installing: C:/Users/ifate/Documents/MATLAB/airplay/simulink/install/share/ap_interfaces/cmake/ament_cmake_export_targets-extras.cmake
[31.265s] -- Installing: C:/Users/ifate/Documents/MATLAB/airplay/simulink/install/share/ap_interfaces/cmake/ament_cmake_export_include_directories-extras.cmake
[31.265s] -- Installing: C:/Users/ifate/Documents/MATLAB/airplay/simulink/install/share/ap_interfaces/cmake/rosidl_cmake_export_typesupport_libraries-extras.cmake
[31.265s] -- Installing: C:/Users/ifate/Documents/MATLAB/airplay/simulink/install/share/ap_interfaces/cmake/rosidl_cmake_export_typesupport_targets-extras.cmake
[31.265s] -- Installing: C:/Users/ifate/Documents/MATLAB/airplay/simulink/install/share/ap_interfaces/cmake/ap_interfacesConfig.cmake
[31.265s] -- Installing: C:/Users/ifate/Documents/MATLAB/airplay/simulink/install/share/ap_interfaces/cmake/ap_interfacesConfig-version.cmake
[31.281s] -- Installing: C:/Users/ifate/Documents/MATLAB/airplay/simulink/install/share/ap_interfaces/package.xml
[31.296s] Invoked command in 'C:\Users\ifate\Documents\MATLAB\airplay\simulink\build\ap_interfaces' returned '0': C:\Program Files\CMake\bin\cmake.EXE --install C:\Users\ifate\Documents\MATLAB\airplay\simulink\build\ap_interfaces --config Release
