-- Selecting Windows SDK version 10.0.19041.0 to target Windows 10.0.19044.
-- The C compiler identification is MSVC 19.29.30145.0
-- The CXX compiler identification is MSVC 19.29.30145.0
-- Detecting C compiler ABI info
-- Detecting C compiler ABI info - done
-- Check for working C compiler: C:/Program Files (x86)/Microsoft Visual Studio/2019/Community/VC/Tools/MSVC/14.29.30133/bin/Hostx64/x64/cl.exe - skipped
-- Detecting C compile features
-- Detecting C compile features - done
-- Detecting CXX compiler ABI info
-- Detecting CXX compiler ABI info - done
-- Check for working CXX compiler: C:/Program Files (x86)/Microsoft Visual Studio/2019/Community/VC/Tools/MSVC/14.29.30133/bin/Hostx64/x64/cl.exe - skipped
-- Detecting CXX compile features
-- Detecting CXX compile features - done
-- Found ament_cmake: 0.9.8 (C:/Program Files/MATLAB/R2022a/sys/ros2/win64/ros2/share/ament_cmake/cmake)
-- Found PythonInterp: C:/Users/ifate/AppData/Roaming/MathWorks/MATLAB/R2022a/ros2/win64/venv/Scripts/python.exe (found suitable version "3.9.12", minimum required is "3") 
-- Using PYTHON_EXECUTABLE: C:/Users/ifate/AppData/Roaming/MathWorks/MATLAB/R2022a/ros2/win64/venv/Scripts/python.exe
-- Found ament_cmake_ros: 0.9.2 (C:/Program Files/MATLAB/R2022a/sys/ros2/win64/ros2/share/ament_cmake_ros/cmake)
-- Found ap_interfaces: 0.0.0 (C:/Users/ifate/Documents/MATLAB/airplay/simulink/install/share/ap_interfaces/cmake)
-- Found example_interfaces: 0.9.1 (C:/Program Files/MATLAB/R2022a/sys/ros2/win64/ros2/share/example_interfaces/cmake)
-- Using all available rosidl_typesupport_c: rosidl_typesupport_fastrtps_c;rosidl_typesupport_introspection_c
-- Found rosidl_adapter: 1.2.1 (C:/Program Files/MATLAB/R2022a/sys/ros2/win64/ros2/share/rosidl_adapter/cmake)
-- Found FastRTPS: C:/Program Files/MATLAB/R2022a/sys/ros2/win64/ros2/include  
-- Using all available rosidl_typesupport_cpp: rosidl_typesupport_fastrtps_cpp;rosidl_typesupport_introspection_cpp
-- Found rclcpp: 2.3.1 (C:/Program Files/MATLAB/R2022a/sys/ros2/win64/ros2/share/rclcpp/cmake)
-- Found rmw_implementation_cmake: 1.0.3 (C:/Program Files/MATLAB/R2022a/sys/ros2/win64/ros2/share/rmw_implementation_cmake/cmake)
-- Using RMW implementation 'rmw_fastrtps_cpp' as default
-- Looking for pthread.h
-- Looking for pthread.h - not found
-- Found Threads: TRUE  
-- Configuring done
-- Generating done
-- Build files have been written to: C:/Users/ifate/Documents/MATLAB/airplay/simulink/build/draft
用于 .NET Framework 的 Microsoft (R) 生成引擎版本 16.11.2+f32259642
版权所有(C) Microsoft Corporation。保留所有权利。

  Checking Build System
  Building Custom Rule C:/Users/ifate/Documents/MATLAB/airplay/simulink/src/draft/CMakeLists.txt
  用于 x64 的 Microsoft (R) C/C++ 优化编译器 19.29.30145 版
  版权所有(C) Microsoft Corporation。保留所有权利。
  cl /c /IC:\Users\ifate\Documents\MATLAB\airplay\simulink\src\draft\include\draft /IC:\Users\ifate\Documents\MATLAB\airplay\simulink\src\draft\include /IC:\Users\ifate\Documents\MATLAB\airplay\simulink\install\include /I"C:\Program Files\MATLAB\R2022a\sys\ros2\win64\ros2\include" /W3 /WX- /diagnostics:column /O2 /Ob2 /D _MBCS /D WIN32 /D _WINDOWS /D NDEBUG /D MODEL=draft /D NUMST=1 /D NCSTATES=0 /D HAVESTDIO /D MODEL_HAS_DYNAMICALLY_LOADED_SFCNS=0 /D CLASSIC_INTERFACE=0 /D ALLOCATIONFCN=0 /D TID01EQ=0 /D ONESTEPFCN=1 /D TERMFCN=1 /D MULTI_INSTANCE_CODE=1 /D INTEGER_CODE=0 /D MT=0 /D ROS2_PROJECT /D STACK_SIZE=64 /D __MW_TARGET_USE_HARDWARE_RESOURCES_H__ /D RT=RT /D "ROS_PACKAGE_NAME=\"draft\"" /D _CRT_SECURE_NO_WARNINGS /D DEFAULT_RMW_IMPLEMENTATION=rmw_fastrtps_cpp /D SPDLOG_COMPILED_LIB /D "CMAKE_INTDIR=\"Release\"" /Gm- /EHsc /MD /GS /fp:precise /Zc:wchar_t /Zc:forScope /Zc:inline /GR /std:c++14 /Fo"draft.dir\Release\\" /Fd"draft.dir\Release\vc142.pdb" /external:W3 /Gd /TP /errorReport:queue  -fpermissive C:\Users\ifate\Documents\MATLAB\airplay\simulink\src\draft\src\draft.cpp C:\Users\ifate\Documents\MATLAB\airplay\simulink\src\draft\src\draft_data.cpp C:\Users\ifate\Documents\MATLAB\airplay\simulink\src\draft\src\main.cpp C:\Users\ifate\Documents\MATLAB\airplay\simulink\src\draft\src\ros2nodeinterface.cpp C:\Users\ifate\Documents\MATLAB\airplay\simulink\src\draft\src\slros_busmsg_conversion.cpp
cl : 命令行 warning D9002: 忽略未知选项“-fpermissive” [C:\Users\ifate\Documents\MATLAB\airplay\simulink\build\draft\draft.vcxproj]
  cl /c /IC:\Users\ifate\Documents\MATLAB\airplay\simulink\src\draft\include\draft /IC:\Users\ifate\Documents\MATLAB\airplay\simulink\src\draft\include /IC:\Users\ifate\Documents\MATLAB\airplay\simulink\install\include /I"C:\Program Files\MATLAB\R2022a\sys\ros2\win64\ros2\include" /W3 /WX- /diagnostics:column /O2 /Ob2 /D _MBCS /D WIN32 /D _WINDOWS /D NDEBUG /D MODEL=draft /D NUMST=1 /D NCSTATES=0 /D HAVESTDIO /D MODEL_HAS_DYNAMICALLY_LOADED_SFCNS=0 /D CLASSIC_INTERFACE=0 /D ALLOCATIONFCN=0 /D TID01EQ=0 /D ONESTEPFCN=1 /D TERMFCN=1 /D MULTI_INSTANCE_CODE=1 /D INTEGER_CODE=0 /D MT=0 /D ROS2_PROJECT /D STACK_SIZE=64 /D __MW_TARGET_USE_HARDWARE_RESOURCES_H__ /D RT=RT /D "ROS_PACKAGE_NAME=\"draft\"" /D _CRT_SECURE_NO_WARNINGS /D DEFAULT_RMW_IMPLEMENTATION=rmw_fastrtps_cpp /D SPDLOG_COMPILED_LIB /D "CMAKE_INTDIR=\"Release\"" /Gm- /EHsc /MD /GS /fp:precise /Zc:wchar_t /Zc:forScope /Zc:inline /GR /std:c++14 /Fo"draft.dir\Release\\" /Fd"draft.dir\Release\vc142.pdb" /external:W3 /Gd /TP /errorReport:queue  -fpermissive C:\Users\ifate\Documents\MATLAB\airplay\simulink\src\draft\src\draft.cpp C:\Users\ifate\Documents\MATLAB\airplay\simulink\src\draft\src\draft_data.cpp C:\Users\ifate\Documents\MATLAB\airplay\simulink\src\draft\src\main.cpp C:\Users\ifate\Documents\MATLAB\airplay\simulink\src\draft\src\ros2nodeinterface.cpp C:\Users\ifate\Documents\MATLAB\airplay\simulink\src\draft\src\slros_busmsg_conversion.cpp
cl : 命令行 warning D9002: 忽略未知选项“-fpermissive” [C:\Users\ifate\Documents\MATLAB\airplay\simulink\build\draft\draft.vcxproj]
  draft.cpp
  cl /c /IC:\Users\ifate\Documents\MATLAB\airplay\simulink\src\draft\include\draft /IC:\Users\ifate\Documents\MATLAB\airplay\simulink\src\draft\include /IC:\Users\ifate\Documents\MATLAB\airplay\simulink\install\include /I"C:\Program Files\MATLAB\R2022a\sys\ros2\win64\ros2\include" /W3 /WX- /diagnostics:column /O2 /Ob2 /D _MBCS /D WIN32 /D _WINDOWS /D NDEBUG /D MODEL=draft /D NUMST=1 /D NCSTATES=0 /D HAVESTDIO /D MODEL_HAS_DYNAMICALLY_LOADED_SFCNS=0 /D CLASSIC_INTERFACE=0 /D ALLOCATIONFCN=0 /D TID01EQ=0 /D ONESTEPFCN=1 /D TERMFCN=1 /D MULTI_INSTANCE_CODE=1 /D INTEGER_CODE=0 /D MT=0 /D ROS2_PROJECT /D STACK_SIZE=64 /D __MW_TARGET_USE_HARDWARE_RESOURCES_H__ /D RT=RT /D "ROS_PACKAGE_NAME=\"draft\"" /D _CRT_SECURE_NO_WARNINGS /D DEFAULT_RMW_IMPLEMENTATION=rmw_fastrtps_cpp /D SPDLOG_COMPILED_LIB /D "CMAKE_INTDIR=\"Release\"" /Gm- /EHsc /MD /GS /fp:precise /Zc:wchar_t /Zc:forScope /Zc:inline /GR /std:c++14 /Fo"draft.dir\Release\\" /Fd"draft.dir\Release\vc142.pdb" /external:W3 /Gd /TP /errorReport:queue  -fpermissive C:\Users\ifate\Documents\MATLAB\airplay\simulink\src\draft\src\draft.cpp C:\Users\ifate\Documents\MATLAB\airplay\simulink\src\draft\src\draft_data.cpp C:\Users\ifate\Documents\MATLAB\airplay\simulink\src\draft\src\main.cpp C:\Users\ifate\Documents\MATLAB\airplay\simulink\src\draft\src\ros2nodeinterface.cpp C:\Users\ifate\Documents\MATLAB\airplay\simulink\src\draft\src\slros_busmsg_conversion.cpp
  cl /c /IC:\Users\ifate\Documents\MATLAB\airplay\simulink\src\draft\include\draft /IC:\Users\ifate\Documents\MATLAB\airplay\simulink\src\draft\include /IC:\Users\ifate\Documents\MATLAB\airplay\simulink\install\include /I"C:\Program Files\MATLAB\R2022a\sys\ros2\win64\ros2\include" /W3 /WX- /diagnostics:column /O2 /Ob2 /D _MBCS /D WIN32 /D _WINDOWS /D NDEBUG /D MODEL=draft /D NUMST=1 /D NCSTATES=0 /D HAVESTDIO /D MODEL_HAS_DYNAMICALLY_LOADED_SFCNS=0 /D CLASSIC_INTERFACE=0 /D ALLOCATIONFCN=0 /D TID01EQ=0 /D ONESTEPFCN=1 /D TERMFCN=1 /D MULTI_INSTANCE_CODE=1 /D INTEGER_CODE=0 /D MT=0 /D ROS2_PROJECT /D STACK_SIZE=64 /D __MW_TARGET_USE_HARDWARE_RESOURCES_H__ /D RT=RT /D "ROS_PACKAGE_NAME=\"draft\"" /D _CRT_SECURE_NO_WARNINGS /D DEFAULT_RMW_IMPLEMENTATION=rmw_fastrtps_cpp /D SPDLOG_COMPILED_LIB /D "CMAKE_INTDIR=\"Release\"" /Gm- /EHsc /MD /GS /fp:precise /Zc:wchar_t /Zc:forScope /Zc:inline /GR /std:c++14 /Fo"draft.dir\Release\\" /Fd"draft.dir\Release\vc142.pdb" /external:W3 /Gd /TP /errorReport:queue  -fpermissive C:\Users\ifate\Documents\MATLAB\airplay\simulink\src\draft\src\draft.cpp C:\Users\ifate\Documents\MATLAB\airplay\simulink\src\draft\src\draft_data.cpp C:\Users\ifate\Documents\MATLAB\airplay\simulink\src\draft\src\main.cpp C:\Users\ifate\Documents\MATLAB\airplay\simulink\src\draft\src\ros2nodeinterface.cpp C:\Users\ifate\Documents\MATLAB\airplay\simulink\src\draft\src\slros_busmsg_conversion.cpp
cl : 命令行 warning D9002:  [C:\Users\ifate\Documents\MATLAB\airplay\simulink\build\draft\draft.vcxproj]
  忽略未知选项“-fpermissive”
  draft_data.cpp
  cl /c /IC:\Users\ifate\Documents\MATLAB\airplay\simulink\src\draft\include\draft /IC:\Users\ifate\Documents\MATLAB\airplay\simulink\src\draft\include /IC:\Users\ifate\Documents\MATLAB\airplay\simulink\install\include /I"C:\Program Files\MATLAB\R2022a\sys\ros2\win64\ros2\include" /W3 /WX- /diagnostics:column /O2 /Ob2 /D _MBCS /D WIN32 /D _WINDOWS /D NDEBUG /D MODEL=draft /D NUMST=1 /D NCSTATES=0 /D HAVESTDIO /D MODEL_HAS_DYNAMICALLY_LOADED_SFCNS=0 /D CLASSIC_INTERFACE=0 /D ALLOCATIONFCN=0 /D TID01EQ=0 /D ONESTEPFCN=1 /D TERMFCN=1 /D MULTI_INSTANCE_CODE=1 /D INTEGER_CODE=0 /D MT=0 /D ROS2_PROJECT /D STACK_SIZE=64 /D __MW_TARGET_USE_HARDWARE_RESOURCES_H__ /D RT=RT /D "ROS_PACKAGE_NAME=\"draft\"" /D _CRT_SECURE_NO_WARNINGS /D DEFAULT_RMW_IMPLEMENTATION=rmw_fastrtps_cpp /D SPDLOG_COMPILED_LIB /D "CMAKE_INTDIR=\"Release\"" /Gm- /EHsc /MD /GS /fp:precise /Zc:wchar_t /Zc:forScope /Zc:inline /GR /std:c++14 /Fo"draft.dir\Release\\" /Fd"draft.dir\Release\vc142.pdb" /external:W3 /Gd /TP /errorReport:queue  -fpermissive C:\Users\ifate\Documents\MATLAB\airplay\simulink\src\draft\src\draft.cpp C:\Users\ifate\Documents\MATLAB\airplay\simulink\src\draft\src\draft_data.cpp C:\Users\ifate\Documents\MATLAB\airplay\simulink\src\draft\src\main.cpp C:\Users\ifate\Documents\MATLAB\airplay\simulink\src\draft\src\ros2nodeinterface.cpp C:\Users\ifate\Documents\MATLAB\airplay\simulink\src\draft\src\slros_busmsg_conversion.cpp
cl : 命令行 warning D9002: 忽略未知选项“-fpermissive” [C:\Users\ifate\Documents\MATLAB\airplay\simulink\build\draft\draft.vcxproj]
  main.cpp
cl : 命令行 warning D9002: 忽略未知选项“-fpermissive” [C:\Users\ifate\Documents\MATLAB\airplay\simulink\build\draft\draft.vcxproj]
  ros2nodeinterface.cpp
  cl /c /IC:\Users\ifate\Documents\MATLAB\airplay\simulink\src\draft\include\draft /IC:\Users\ifate\Documents\MATLAB\airplay\simulink\src\draft\include /IC:\Users\ifate\Documents\MATLAB\airplay\simulink\install\include /I"C:\Program Files\MATLAB\R2022a\sys\ros2\win64\ros2\include" /W3 /WX- /diagnostics:column /O2 /Ob2 /D _MBCS /D WIN32 /D _WINDOWS /D NDEBUG /D MODEL=draft /D NUMST=1 /D NCSTATES=0 /D HAVESTDIO /D MODEL_HAS_DYNAMICALLY_LOADED_SFCNS=0 /D CLASSIC_INTERFACE=0 /D ALLOCATIONFCN=0 /D TID01EQ=0 /D ONESTEPFCN=1 /D TERMFCN=1 /D MULTI_INSTANCE_CODE=1 /D INTEGER_CODE=0 /D MT=0 /D ROS2_PROJECT /D STACK_SIZE=64 /D __MW_TARGET_USE_HARDWARE_RESOURCES_H__ /D RT=RT /D "ROS_PACKAGE_NAME=\"draft\"" /D _CRT_SECURE_NO_WARNINGS /D DEFAULT_RMW_IMPLEMENTATION=rmw_fastrtps_cpp /D SPDLOG_COMPILED_LIB /D "CMAKE_INTDIR=\"Release\"" /Gm- /EHsc /MD /GS /fp:precise /Zc:wchar_t /Zc:forScope /Zc:inline /GR /std:c++14 /Fo"draft.dir\Release\\" /Fd"draft.dir\Release\vc142.pdb" /external:W3 /Gd /TP /errorReport:queue  -fpermissive C:\Users\ifate\Documents\MATLAB\airplay\simulink\src\draft\src\draft.cpp C:\Users\ifate\Documents\MATLAB\airplay\simulink\src\draft\src\draft_data.cpp C:\Users\ifate\Documents\MATLAB\airplay\simulink\src\draft\src\main.cpp C:\Users\ifate\Documents\MATLAB\airplay\simulink\src\draft\src\ros2nodeinterface.cpp C:\Users\ifate\Documents\MATLAB\airplay\simulink\src\draft\src\slros_busmsg_conversion.cpp
cl : 命令行 warning D9002: 忽略未知选项“-fpermissive” [C:\Users\ifate\Documents\MATLAB\airplay\simulink\build\draft\draft.vcxproj]
  slros_busmsg_conversion.cpp
C:\Program Files\MATLAB\R2022a\sys\ros2\win64\ros2\include\rmw/types.h(1,1): warning C4819: 该文件包含不能在当前代码页(936)中表示的字符。请将该文件保存为 Unicode 格式以防止数据丢失 (编译源文件 C:\Users\ifate\Documents\MATLAB\airplay\simulink\src\draft\src\draft.cpp) [C:\Users\ifate\Documents\MATLAB\airplay\simulink\build\draft\draft.vcxproj]
C:\Program Files\MATLAB\R2022a\sys\ros2\win64\ros2\include\rmw/types.h(1,1): warning C4819: 该文件包含不能在当前代码页(936)中表示的字符。请将该文件保存为 Unicode 格式以防止数据丢失 (编译源文件 C:\Users\ifate\Documents\MATLAB\airplay\simulink\src\draft\src\draft_data.cpp) [C:\Users\ifate\Documents\MATLAB\airplay\simulink\build\draft\draft.vcxproj]
C:\Program Files\MATLAB\R2022a\sys\ros2\win64\ros2\include\rmw/types.h(1,1): warning C4819: 该文件包含不能在当前代码页(936)中表示的字符。请将该文件保存为 Unicode 格式以防止数据丢失 (编译源文件 C:\Users\ifate\Documents\MATLAB\airplay\simulink\src\draft\src\ros2nodeinterface.cpp) [C:\Users\ifate\Documents\MATLAB\airplay\simulink\build\draft\draft.vcxproj]
C:\Program Files\MATLAB\R2022a\sys\ros2\win64\ros2\include\rmw/types.h(1,1): warning C4819: 该文件包含不能在当前代码页(936)中表示的字符。请将该文件保存为 Unicode 格式以防止数据丢失 (编译源文件 C:\Users\ifate\Documents\MATLAB\airplay\simulink\src\draft\src\slros_busmsg_conversion.cpp) [C:\Users\ifate\Documents\MATLAB\airplay\simulink\build\draft\draft.vcxproj]
C:\Program Files\MATLAB\R2022a\sys\ros2\win64\ros2\include\rmw/types.h(1,1): warning C4819: 该文件包含不能在当前代码页(936)中表示的字符。请将该文件保存为 Unicode 格式以防止数据丢失 (编译源文件 C:\Users\ifate\Documents\MATLAB\airplay\simulink\src\draft\src\main.cpp) [C:\Users\ifate\Documents\MATLAB\airplay\simulink\build\draft\draft.vcxproj]
C:\Users\ifate\Documents\MATLAB\airplay\simulink\src\draft\include\draft\slros_msgconvert_utils.h(158,1): warning C4267: “初始化”: 从“size_t”转换到“int”，可能丢失数据 (编译源文件 C:\Users\ifate\Documents\MATLAB\airplay\simulink\src\draft\src\slros_busmsg_conversion.cpp) [C:\Users\ifate\Documents\MATLAB\airplay\simulink\build\draft\draft.vcxproj]
C:\Users\ifate\Documents\MATLAB\airplay\simulink\src\draft\include\draft\slros_msgconvert_utils.h(567): message : 查看对正在编译的函数 模板 实例化“int slros::setReceivedAndCurrentLengths<int8_T[128],BusInfoType,MsgType>(const BusType (&),BusInfoType &,const MsgType &,const slros::ROSPropertyWarnStatus &)”的引用 [C:\Users\ifate\Documents\MATLAB\airplay\simulink\build\draft\draft.vcxproj]
          with
          [
              BusInfoType=SL_Bus_ROSVariableLengthArrayInfo,
              MsgType=std::vector<int8_t,std::allocator<int8_t>>,
              BusType=int8_T [128]
          ] (编译源文件 C:\Users\ifate\Documents\MATLAB\airplay\simulink\src\draft\src\slros_busmsg_conversion.cpp)
C:\Users\ifate\Documents\MATLAB\airplay\simulink\src\draft\src\slros_busmsg_conversion.cpp(23): message : 查看对正在编译的函数 模板 实例化“void convertToBusVariablePrimitiveArray<int8_T[128],SL_Bus_ROSVariableLengthArrayInfo,std::vector<int8_t,std::allocator<_Other>>>(BusType (&),BusInfoType &,const MsgType &,const slros::ROSPropertyWarnStatus &)”的引用 [C:\Users\ifate\Documents\MATLAB\airplay\simulink\build\draft\draft.vcxproj]
          with
          [
              _Other=int8_t,
              BusType=int8_T [128],
              BusInfoType=SL_Bus_ROSVariableLengthArrayInfo,
              MsgType=std::vector<int8_t,std::allocator<int8_t>>
          ]
C:\Users\ifate\Documents\MATLAB\airplay\simulink\src\draft\include\draft\slros_msgconvert_utils.h(158,1): warning C4267: “初始化”: 从“size_t”转换到“const int”，可能丢失数据 (编译源文件 C:\Users\ifate\Documents\MATLAB\airplay\simulink\src\draft\src\slros_busmsg_conversion.cpp) [C:\Users\ifate\Documents\MATLAB\airplay\simulink\build\draft\draft.vcxproj]
  draft.vcxproj -> C:\Users\ifate\Documents\MATLAB\airplay\simulink\build\draft\Release\draft.exe
  Building Custom Rule C:/Users/ifate/Documents/MATLAB/airplay/simulink/src/draft/CMakeLists.txt
-- Installing: C:/Users/ifate/Documents/MATLAB/airplay/simulink/install/lib/draft/draft.exe
-- Installing: C:/Users/ifate/Documents/MATLAB/airplay/simulink/install/share/ament_index/resource_index/package_run_dependencies/draft
-- Installing: C:/Users/ifate/Documents/MATLAB/airplay/simulink/install/share/ament_index/resource_index/parent_prefix_path/draft
-- Installing: C:/Users/ifate/Documents/MATLAB/airplay/simulink/install/share/draft/environment/ament_prefix_path.bat
-- Installing: C:/Users/ifate/Documents/MATLAB/airplay/simulink/install/share/draft/environment/ament_prefix_path.dsv
-- Installing: C:/Users/ifate/Documents/MATLAB/airplay/simulink/install/share/draft/environment/path.bat
-- Installing: C:/Users/ifate/Documents/MATLAB/airplay/simulink/install/share/draft/environment/path.dsv
-- Installing: C:/Users/ifate/Documents/MATLAB/airplay/simulink/install/share/draft/local_setup.bat
-- Installing: C:/Users/ifate/Documents/MATLAB/airplay/simulink/install/share/draft/local_setup.dsv
-- Installing: C:/Users/ifate/Documents/MATLAB/airplay/simulink/install/share/draft/package.dsv
-- Installing: C:/Users/ifate/Documents/MATLAB/airplay/simulink/install/share/ament_index/resource_index/packages/draft
-- Installing: C:/Users/ifate/Documents/MATLAB/airplay/simulink/install/share/draft/cmake/ament_cmake_export_include_directories-extras.cmake
-- Installing: C:/Users/ifate/Documents/MATLAB/airplay/simulink/install/share/draft/cmake/draftConfig.cmake
-- Installing: C:/Users/ifate/Documents/MATLAB/airplay/simulink/install/share/draft/cmake/draftConfig-version.cmake
-- Installing: C:/Users/ifate/Documents/MATLAB/airplay/simulink/install/share/draft/package.xml
