[0.375s] Invoking command in 'C:\Users\ifate\Documents\MATLAB\airplay\simulink\build\draft': AMENT_PREFIX_PATH=C:\Users\ifate\Documents\MATLAB\airplay\simulink\install;%AMENT_PREFIX_PATH% CMAKE_PREFIX_PATH=C:\Users\ifate\Documents\MATLAB\airplay\simulink\install;%CMAKE_PREFIX_PATH% PYTHONPATH=C:\Users\ifate\Documents\MATLAB\airplay\simulink\install\Lib\site-packages;%PYTHONPATH% Path=C:\Users\ifate\Documents\MATLAB\airplay\simulink\install\bin;%Path% C:\Program Files\CMake\bin\cmake.EXE C:\Users\ifate\Documents\MATLAB\airplay\simulink\src\draft -DCMAKE_INSTALL_PREFIX=C:\Users\ifate\Documents\MATLAB\airplay\simulink\install -G Visual Studio 16 2019
[0.422s] -- Selecting Windows SDK version 10.0.19041.0 to target Windows 10.0.19044.
[2.703s] -- The C compiler identification is MSVC 19.29.30145.0
[4.047s] -- The CXX compiler identification is MSVC 19.29.30145.0
[4.125s] -- Detecting C compiler ABI info
[5.328s] -- Detecting C compiler ABI info - done
[5.328s] -- Check for working C compiler: C:/Program Files (x86)/Microsoft Visual Studio/2019/Community/VC/Tools/MSVC/14.29.30133/bin/Hostx64/x64/cl.exe - skipped
[5.328s] -- Detecting C compile features
[5.328s] -- Detecting C compile features - done
[5.344s] -- Detecting CXX compiler ABI info
[6.500s] -- Detecting CXX compiler ABI info - done
[6.516s] -- Check for working CXX compiler: C:/Program Files (x86)/Microsoft Visual Studio/2019/Community/VC/Tools/MSVC/14.29.30133/bin/Hostx64/x64/cl.exe - skipped
[6.516s] -- Detecting CXX compile features
[6.516s] -- Detecting CXX compile features - done
[6.531s] -- Found ament_cmake: 0.9.8 (C:/Program Files/MATLAB/R2022a/sys/ros2/win64/ros2/share/ament_cmake/cmake)
[6.813s] -- Found PythonInterp: C:/Users/ifate/AppData/Roaming/MathWorks/MATLAB/R2022a/ros2/win64/venv/Scripts/python.exe (found suitable version "3.9.12", minimum required is "3") 
[6.813s] -- Using PYTHON_EXECUTABLE: C:/Users/ifate/AppData/Roaming/MathWorks/MATLAB/R2022a/ros2/win64/venv/Scripts/python.exe
[7.469s] -- Found ament_cmake_ros: 0.9.2 (C:/Program Files/MATLAB/R2022a/sys/ros2/win64/ros2/share/ament_cmake_ros/cmake)
[7.516s] -- Found ap_interfaces: 0.0.0 (C:/Users/ifate/Documents/MATLAB/airplay/simulink/install/share/ap_interfaces/cmake)
[7.672s] -- Found example_interfaces: 0.9.1 (C:/Program Files/MATLAB/R2022a/sys/ros2/win64/ros2/share/example_interfaces/cmake)
[7.750s] -- Using all available rosidl_typesupport_c: rosidl_typesupport_fastrtps_c;rosidl_typesupport_introspection_c
[7.797s] -- Found rosidl_adapter: 1.2.1 (C:/Program Files/MATLAB/R2022a/sys/ros2/win64/ros2/share/rosidl_adapter/cmake)
[8.016s] -- Found FastRTPS: C:/Program Files/MATLAB/R2022a/sys/ros2/win64/ros2/include  
[8.219s] -- Using all available rosidl_typesupport_cpp: rosidl_typesupport_fastrtps_cpp;rosidl_typesupport_introspection_cpp
[8.672s] -- Found rclcpp: 2.3.1 (C:/Program Files/MATLAB/R2022a/sys/ros2/win64/ros2/share/rclcpp/cmake)
[8.891s] -- Found rmw_implementation_cmake: 1.0.3 (C:/Program Files/MATLAB/R2022a/sys/ros2/win64/ros2/share/rmw_implementation_cmake/cmake)
[8.891s] -- Using RMW implementation 'rmw_fastrtps_cpp' as default
[8.906s] -- Looking for pthread.h
[9.750s] -- Looking for pthread.h - not found
[9.750s] -- Found Threads: TRUE  
[10.469s] -- Configuring done
[10.906s] -- Generating done
[10.938s] -- Build files have been written to: C:/Users/ifate/Documents/MATLAB/airplay/simulink/build/draft
[10.953s] Invoked command in 'C:\Users\ifate\Documents\MATLAB\airplay\simulink\build\draft' returned '0': AMENT_PREFIX_PATH=C:\Users\ifate\Documents\MATLAB\airplay\simulink\install;%AMENT_PREFIX_PATH% CMAKE_PREFIX_PATH=C:\Users\ifate\Documents\MATLAB\airplay\simulink\install;%CMAKE_PREFIX_PATH% PYTHONPATH=C:\Users\ifate\Documents\MATLAB\airplay\simulink\install\Lib\site-packages;%PYTHONPATH% Path=C:\Users\ifate\Documents\MATLAB\airplay\simulink\install\bin;%Path% C:\Program Files\CMake\bin\cmake.EXE C:\Users\ifate\Documents\MATLAB\airplay\simulink\src\draft -DCMAKE_INSTALL_PREFIX=C:\Users\ifate\Documents\MATLAB\airplay\simulink\install -G Visual Studio 16 2019
[10.953s] Invoking command in 'C:\Users\ifate\Documents\MATLAB\airplay\simulink\build\draft': AMENT_PREFIX_PATH=C:\Users\ifate\Documents\MATLAB\airplay\simulink\install;%AMENT_PREFIX_PATH% CL=/MP CMAKE_PREFIX_PATH=C:\Users\ifate\Documents\MATLAB\airplay\simulink\install;%CMAKE_PREFIX_PATH% PYTHONPATH=C:\Users\ifate\Documents\MATLAB\airplay\simulink\install\Lib\site-packages;%PYTHONPATH% Path=C:\Users\ifate\Documents\MATLAB\airplay\simulink\install\bin;%Path% C:\Program Files\CMake\bin\cmake.EXE --build C:\Users\ifate\Documents\MATLAB\airplay\simulink\build\draft --config Release
[11.313s] 用于 .NET Framework 的 Microsoft (R) 生成引擎版本 16.11.2+f32259642
[11.313s] 版权所有(C) Microsoft Corporation。保留所有权利。
[11.313s] 
[11.938s]   Checking Build System
[12.344s]   Building Custom Rule C:/Users/ifate/Documents/MATLAB/airplay/simulink/src/draft/CMakeLists.txt
[12.719s]   用于 x64 的 Microsoft (R) C/C++ 优化编译器 19.29.30145 版
[12.719s]   版权所有(C) Microsoft Corporation。保留所有权利。
[12.719s]   cl /c /IC:\Users\ifate\Documents\MATLAB\airplay\simulink\src\draft\include\draft /IC:\Users\ifate\Documents\MATLAB\airplay\simulink\src\draft\include /IC:\Users\ifate\Documents\MATLAB\airplay\simulink\install\include /I"C:\Program Files\MATLAB\R2022a\sys\ros2\win64\ros2\include" /W3 /WX- /diagnostics:column /O2 /Ob2 /D _MBCS /D WIN32 /D _WINDOWS /D NDEBUG /D MODEL=draft /D NUMST=1 /D NCSTATES=0 /D HAVESTDIO /D MODEL_HAS_DYNAMICALLY_LOADED_SFCNS=0 /D CLASSIC_INTERFACE=0 /D ALLOCATIONFCN=0 /D TID01EQ=0 /D ONESTEPFCN=1 /D TERMFCN=1 /D MULTI_INSTANCE_CODE=1 /D INTEGER_CODE=0 /D MT=0 /D ROS2_PROJECT /D STACK_SIZE=64 /D __MW_TARGET_USE_HARDWARE_RESOURCES_H__ /D RT=RT /D "ROS_PACKAGE_NAME=\"draft\"" /D _CRT_SECURE_NO_WARNINGS /D DEFAULT_RMW_IMPLEMENTATION=rmw_fastrtps_cpp /D SPDLOG_COMPILED_LIB /D "CMAKE_INTDIR=\"Release\"" /Gm- /EHsc /MD /GS /fp:precise /Zc:wchar_t /Zc:forScope /Zc:inline /GR /std:c++14 /Fo"draft.dir\Release\\" /Fd"draft.dir\Release\vc142.pdb" /external:W3 /Gd /TP /errorReport:queue  -fpermissive C:\Users\ifate\Documents\MATLAB\airplay\simulink\src\draft\src\draft.cpp C:\Users\ifate\Documents\MATLAB\airplay\simulink\src\draft\src\draft_data.cpp C:\Users\ifate\Documents\MATLAB\airplay\simulink\src\draft\src\main.cpp C:\Users\ifate\Documents\MATLAB\airplay\simulink\src\draft\src\ros2nodeinterface.cpp C:\Users\ifate\Documents\MATLAB\airplay\simulink\src\draft\src\slros_busmsg_conversion.cpp
[12.735s] cl : 命令行 warning D9002: 忽略未知选项“-fpermissive” [C:\Users\ifate\Documents\MATLAB\airplay\simulink\build\draft\draft.vcxproj]
[12.766s]   cl /c /IC:\Users\ifate\Documents\MATLAB\airplay\simulink\src\draft\include\draft /IC:\Users\ifate\Documents\MATLAB\airplay\simulink\src\draft\include /IC:\Users\ifate\Documents\MATLAB\airplay\simulink\install\include /I"C:\Program Files\MATLAB\R2022a\sys\ros2\win64\ros2\include" /W3 /WX- /diagnostics:column /O2 /Ob2 /D _MBCS /D WIN32 /D _WINDOWS /D NDEBUG /D MODEL=draft /D NUMST=1 /D NCSTATES=0 /D HAVESTDIO /D MODEL_HAS_DYNAMICALLY_LOADED_SFCNS=0 /D CLASSIC_INTERFACE=0 /D ALLOCATIONFCN=0 /D TID01EQ=0 /D ONESTEPFCN=1 /D TERMFCN=1 /D MULTI_INSTANCE_CODE=1 /D INTEGER_CODE=0 /D MT=0 /D ROS2_PROJECT /D STACK_SIZE=64 /D __MW_TARGET_USE_HARDWARE_RESOURCES_H__ /D RT=RT /D "ROS_PACKAGE_NAME=\"draft\"" /D _CRT_SECURE_NO_WARNINGS /D DEFAULT_RMW_IMPLEMENTATION=rmw_fastrtps_cpp /D SPDLOG_COMPILED_LIB /D "CMAKE_INTDIR=\"Release\"" /Gm- /EHsc /MD /GS /fp:precise /Zc:wchar_t /Zc:forScope /Zc:inline /GR /std:c++14 /Fo"draft.dir\Release\\" /Fd"draft.dir\Release\vc142.pdb" /external:W3 /Gd /TP /errorReport:queue  -fpermissive C:\Users\ifate\Documents\MATLAB\airplay\simulink\src\draft\src\draft.cpp C:\Users\ifate\Documents\MATLAB\airplay\simulink\src\draft\src\draft_data.cpp C:\Users\ifate\Documents\MATLAB\airplay\simulink\src\draft\src\main.cpp C:\Users\ifate\Documents\MATLAB\airplay\simulink\src\draft\src\ros2nodeinterface.cpp C:\Users\ifate\Documents\MATLAB\airplay\simulink\src\draft\src\slros_busmsg_conversion.cpp
[12.766s] cl : 命令行 warning D9002: 忽略未知选项“-fpermissive” [C:\Users\ifate\Documents\MATLAB\airplay\simulink\build\draft\draft.vcxproj]
[12.766s]   draft.cpp
[12.781s]   cl /c /IC:\Users\ifate\Documents\MATLAB\airplay\simulink\src\draft\include\draft /IC:\Users\ifate\Documents\MATLAB\airplay\simulink\src\draft\include /IC:\Users\ifate\Documents\MATLAB\airplay\simulink\install\include /I"C:\Program Files\MATLAB\R2022a\sys\ros2\win64\ros2\include" /W3 /WX- /diagnostics:column /O2 /Ob2 /D _MBCS /D WIN32 /D _WINDOWS /D NDEBUG /D MODEL=draft /D NUMST=1 /D NCSTATES=0 /D HAVESTDIO /D MODEL_HAS_DYNAMICALLY_LOADED_SFCNS=0 /D CLASSIC_INTERFACE=0 /D ALLOCATIONFCN=0 /D TID01EQ=0 /D ONESTEPFCN=1 /D TERMFCN=1 /D MULTI_INSTANCE_CODE=1 /D INTEGER_CODE=0 /D MT=0 /D ROS2_PROJECT /D STACK_SIZE=64 /D __MW_TARGET_USE_HARDWARE_RESOURCES_H__ /D RT=RT /D "ROS_PACKAGE_NAME=\"draft\"" /D _CRT_SECURE_NO_WARNINGS /D DEFAULT_RMW_IMPLEMENTATION=rmw_fastrtps_cpp /D SPDLOG_COMPILED_LIB /D "CMAKE_INTDIR=\"Release\"" /Gm- /EHsc /MD /GS /fp:precise /Zc:wchar_t /Zc:forScope /Zc:inline /GR /std:c++14 /Fo"draft.dir\Release\\" /Fd"draft.dir\Release\vc142.pdb" /external:W3 /Gd /TP /errorReport:queue  -fpermissive C:\Users\ifate\Documents\MATLAB\airplay\simulink\src\draft\src\draft.cpp C:\Users\ifate\Documents\MATLAB\airplay\simulink\src\draft\src\draft_data.cpp C:\Users\ifate\Documents\MATLAB\airplay\simulink\src\draft\src\main.cpp C:\Users\ifate\Documents\MATLAB\airplay\simulink\src\draft\src\ros2nodeinterface.cpp C:\Users\ifate\Documents\MATLAB\airplay\simulink\src\draft\src\slros_busmsg_conversion.cpp
[12.781s]   cl /c /IC:\Users\ifate\Documents\MATLAB\airplay\simulink\src\draft\include\draft /IC:\Users\ifate\Documents\MATLAB\airplay\simulink\src\draft\include /IC:\Users\ifate\Documents\MATLAB\airplay\simulink\install\include /I"C:\Program Files\MATLAB\R2022a\sys\ros2\win64\ros2\include" /W3 /WX- /diagnostics:column /O2 /Ob2 /D _MBCS /D WIN32 /D _WINDOWS /D NDEBUG /D MODEL=draft /D NUMST=1 /D NCSTATES=0 /D HAVESTDIO /D MODEL_HAS_DYNAMICALLY_LOADED_SFCNS=0 /D CLASSIC_INTERFACE=0 /D ALLOCATIONFCN=0 /D TID01EQ=0 /D ONESTEPFCN=1 /D TERMFCN=1 /D MULTI_INSTANCE_CODE=1 /D INTEGER_CODE=0 /D MT=0 /D ROS2_PROJECT /D STACK_SIZE=64 /D __MW_TARGET_USE_HARDWARE_RESOURCES_H__ /D RT=RT /D "ROS_PACKAGE_NAME=\"draft\"" /D _CRT_SECURE_NO_WARNINGS /D DEFAULT_RMW_IMPLEMENTATION=rmw_fastrtps_cpp /D SPDLOG_COMPILED_LIB /D "CMAKE_INTDIR=\"Release\"" /Gm- /EHsc /MD /GS /fp:precise /Zc:wchar_t /Zc:forScope /Zc:inline /GR /std:c++14 /Fo"draft.dir\Release\\" /Fd"draft.dir\Release\vc142.pdb" /external:W3 /Gd /TP /errorReport:queue  -fpermissive C:\Users\ifate\Documents\MATLAB\airplay\simulink\src\draft\src\draft.cpp C:\Users\ifate\Documents\MATLAB\airplay\simulink\src\draft\src\draft_data.cpp C:\Users\ifate\Documents\MATLAB\airplay\simulink\src\draft\src\main.cpp C:\Users\ifate\Documents\MATLAB\airplay\simulink\src\draft\src\ros2nodeinterface.cpp C:\Users\ifate\Documents\MATLAB\airplay\simulink\src\draft\src\slros_busmsg_conversion.cpp
[12.781s] cl : 命令行 warning D9002:  [C:\Users\ifate\Documents\MATLAB\airplay\simulink\build\draft\draft.vcxproj]
[12.781s]   忽略未知选项“-fpermissive”
[12.781s]   draft_data.cpp
[12.781s]   cl /c /IC:\Users\ifate\Documents\MATLAB\airplay\simulink\src\draft\include\draft /IC:\Users\ifate\Documents\MATLAB\airplay\simulink\src\draft\include /IC:\Users\ifate\Documents\MATLAB\airplay\simulink\install\include /I"C:\Program Files\MATLAB\R2022a\sys\ros2\win64\ros2\include" /W3 /WX- /diagnostics:column /O2 /Ob2 /D _MBCS /D WIN32 /D _WINDOWS /D NDEBUG /D MODEL=draft /D NUMST=1 /D NCSTATES=0 /D HAVESTDIO /D MODEL_HAS_DYNAMICALLY_LOADED_SFCNS=0 /D CLASSIC_INTERFACE=0 /D ALLOCATIONFCN=0 /D TID01EQ=0 /D ONESTEPFCN=1 /D TERMFCN=1 /D MULTI_INSTANCE_CODE=1 /D INTEGER_CODE=0 /D MT=0 /D ROS2_PROJECT /D STACK_SIZE=64 /D __MW_TARGET_USE_HARDWARE_RESOURCES_H__ /D RT=RT /D "ROS_PACKAGE_NAME=\"draft\"" /D _CRT_SECURE_NO_WARNINGS /D DEFAULT_RMW_IMPLEMENTATION=rmw_fastrtps_cpp /D SPDLOG_COMPILED_LIB /D "CMAKE_INTDIR=\"Release\"" /Gm- /EHsc /MD /GS /fp:precise /Zc:wchar_t /Zc:forScope /Zc:inline /GR /std:c++14 /Fo"draft.dir\Release\\" /Fd"draft.dir\Release\vc142.pdb" /external:W3 /Gd /TP /errorReport:queue  -fpermissive C:\Users\ifate\Documents\MATLAB\airplay\simulink\src\draft\src\draft.cpp C:\Users\ifate\Documents\MATLAB\airplay\simulink\src\draft\src\draft_data.cpp C:\Users\ifate\Documents\MATLAB\airplay\simulink\src\draft\src\main.cpp C:\Users\ifate\Documents\MATLAB\airplay\simulink\src\draft\src\ros2nodeinterface.cpp C:\Users\ifate\Documents\MATLAB\airplay\simulink\src\draft\src\slros_busmsg_conversion.cpp
[12.781s] cl : 命令行 warning D9002: 忽略未知选项“-fpermissive” [C:\Users\ifate\Documents\MATLAB\airplay\simulink\build\draft\draft.vcxproj]
[12.781s]   main.cpp
[12.781s] cl : 命令行 warning D9002: 忽略未知选项“-fpermissive” [C:\Users\ifate\Documents\MATLAB\airplay\simulink\build\draft\draft.vcxproj]
[12.781s]   ros2nodeinterface.cpp
[12.797s]   cl /c /IC:\Users\ifate\Documents\MATLAB\airplay\simulink\src\draft\include\draft /IC:\Users\ifate\Documents\MATLAB\airplay\simulink\src\draft\include /IC:\Users\ifate\Documents\MATLAB\airplay\simulink\install\include /I"C:\Program Files\MATLAB\R2022a\sys\ros2\win64\ros2\include" /W3 /WX- /diagnostics:column /O2 /Ob2 /D _MBCS /D WIN32 /D _WINDOWS /D NDEBUG /D MODEL=draft /D NUMST=1 /D NCSTATES=0 /D HAVESTDIO /D MODEL_HAS_DYNAMICALLY_LOADED_SFCNS=0 /D CLASSIC_INTERFACE=0 /D ALLOCATIONFCN=0 /D TID01EQ=0 /D ONESTEPFCN=1 /D TERMFCN=1 /D MULTI_INSTANCE_CODE=1 /D INTEGER_CODE=0 /D MT=0 /D ROS2_PROJECT /D STACK_SIZE=64 /D __MW_TARGET_USE_HARDWARE_RESOURCES_H__ /D RT=RT /D "ROS_PACKAGE_NAME=\"draft\"" /D _CRT_SECURE_NO_WARNINGS /D DEFAULT_RMW_IMPLEMENTATION=rmw_fastrtps_cpp /D SPDLOG_COMPILED_LIB /D "CMAKE_INTDIR=\"Release\"" /Gm- /EHsc /MD /GS /fp:precise /Zc:wchar_t /Zc:forScope /Zc:inline /GR /std:c++14 /Fo"draft.dir\Release\\" /Fd"draft.dir\Release\vc142.pdb" /external:W3 /Gd /TP /errorReport:queue  -fpermissive C:\Users\ifate\Documents\MATLAB\airplay\simulink\src\draft\src\draft.cpp C:\Users\ifate\Documents\MATLAB\airplay\simulink\src\draft\src\draft_data.cpp C:\Users\ifate\Documents\MATLAB\airplay\simulink\src\draft\src\main.cpp C:\Users\ifate\Documents\MATLAB\airplay\simulink\src\draft\src\ros2nodeinterface.cpp C:\Users\ifate\Documents\MATLAB\airplay\simulink\src\draft\src\slros_busmsg_conversion.cpp
[12.797s] cl : 命令行 warning D9002: 忽略未知选项“-fpermissive” [C:\Users\ifate\Documents\MATLAB\airplay\simulink\build\draft\draft.vcxproj]
[12.797s]   slros_busmsg_conversion.cpp
[12.844s] C:\Program Files\MATLAB\R2022a\sys\ros2\win64\ros2\include\rmw/types.h(1,1): warning C4819: 该文件包含不能在当前代码页(936)中表示的字符。请将该文件保存为 Unicode 格式以防止数据丢失 (编译源文件 C:\Users\ifate\Documents\MATLAB\airplay\simulink\src\draft\src\draft.cpp) [C:\Users\ifate\Documents\MATLAB\airplay\simulink\build\draft\draft.vcxproj]
[12.844s] C:\Program Files\MATLAB\R2022a\sys\ros2\win64\ros2\include\rmw/types.h(1,1): warning C4819: 该文件包含不能在当前代码页(936)中表示的字符。请将该文件保存为 Unicode 格式以防止数据丢失 (编译源文件 C:\Users\ifate\Documents\MATLAB\airplay\simulink\src\draft\src\draft_data.cpp) [C:\Users\ifate\Documents\MATLAB\airplay\simulink\build\draft\draft.vcxproj]
[14.031s] C:\Program Files\MATLAB\R2022a\sys\ros2\win64\ros2\include\rmw/types.h(1,1): warning C4819: 该文件包含不能在当前代码页(936)中表示的字符。请将该文件保存为 Unicode 格式以防止数据丢失 (编译源文件 C:\Users\ifate\Documents\MATLAB\airplay\simulink\src\draft\src\ros2nodeinterface.cpp) [C:\Users\ifate\Documents\MATLAB\airplay\simulink\build\draft\draft.vcxproj]
[14.031s] C:\Program Files\MATLAB\R2022a\sys\ros2\win64\ros2\include\rmw/types.h(1,1): warning C4819: 该文件包含不能在当前代码页(936)中表示的字符。请将该文件保存为 Unicode 格式以防止数据丢失 (编译源文件 C:\Users\ifate\Documents\MATLAB\airplay\simulink\src\draft\src\slros_busmsg_conversion.cpp) [C:\Users\ifate\Documents\MATLAB\airplay\simulink\build\draft\draft.vcxproj]
[14.047s] C:\Program Files\MATLAB\R2022a\sys\ros2\win64\ros2\include\rmw/types.h(1,1): warning C4819: 该文件包含不能在当前代码页(936)中表示的字符。请将该文件保存为 Unicode 格式以防止数据丢失 (编译源文件 C:\Users\ifate\Documents\MATLAB\airplay\simulink\src\draft\src\main.cpp) [C:\Users\ifate\Documents\MATLAB\airplay\simulink\build\draft\draft.vcxproj]
[18.141s] C:\Users\ifate\Documents\MATLAB\airplay\simulink\src\draft\include\draft\slros_msgconvert_utils.h(158,1): warning C4267: “初始化”: 从“size_t”转换到“int”，可能丢失数据 (编译源文件 C:\Users\ifate\Documents\MATLAB\airplay\simulink\src\draft\src\slros_busmsg_conversion.cpp) [C:\Users\ifate\Documents\MATLAB\airplay\simulink\build\draft\draft.vcxproj]
[18.156s] C:\Users\ifate\Documents\MATLAB\airplay\simulink\src\draft\include\draft\slros_msgconvert_utils.h(567): message : 查看对正在编译的函数 模板 实例化“int slros::setReceivedAndCurrentLengths<int8_T[128],BusInfoType,MsgType>(const BusType (&),BusInfoType &,const MsgType &,const slros::ROSPropertyWarnStatus &)”的引用 [C:\Users\ifate\Documents\MATLAB\airplay\simulink\build\draft\draft.vcxproj]
[18.156s]           with
[18.156s]           [
[18.156s]               BusInfoType=SL_Bus_ROSVariableLengthArrayInfo,
[18.156s]               MsgType=std::vector<int8_t,std::allocator<int8_t>>,
[18.156s]               BusType=int8_T [128]
[18.156s]           ] (编译源文件 C:\Users\ifate\Documents\MATLAB\airplay\simulink\src\draft\src\slros_busmsg_conversion.cpp)
[18.156s] C:\Users\ifate\Documents\MATLAB\airplay\simulink\src\draft\src\slros_busmsg_conversion.cpp(23): message : 查看对正在编译的函数 模板 实例化“void convertToBusVariablePrimitiveArray<int8_T[128],SL_Bus_ROSVariableLengthArrayInfo,std::vector<int8_t,std::allocator<_Other>>>(BusType (&),BusInfoType &,const MsgType &,const slros::ROSPropertyWarnStatus &)”的引用 [C:\Users\ifate\Documents\MATLAB\airplay\simulink\build\draft\draft.vcxproj]
[18.156s]           with
[18.156s]           [
[18.156s]               _Other=int8_t,
[18.156s]               BusType=int8_T [128],
[18.156s]               BusInfoType=SL_Bus_ROSVariableLengthArrayInfo,
[18.156s]               MsgType=std::vector<int8_t,std::allocator<int8_t>>
[18.156s]           ]
[18.156s] C:\Users\ifate\Documents\MATLAB\airplay\simulink\src\draft\include\draft\slros_msgconvert_utils.h(158,1): warning C4267: “初始化”: 从“size_t”转换到“const int”，可能丢失数据 (编译源文件 C:\Users\ifate\Documents\MATLAB\airplay\simulink\src\draft\src\slros_busmsg_conversion.cpp) [C:\Users\ifate\Documents\MATLAB\airplay\simulink\build\draft\draft.vcxproj]
[26.125s]   draft.vcxproj -> C:\Users\ifate\Documents\MATLAB\airplay\simulink\build\draft\Release\draft.exe
[26.235s]   Building Custom Rule C:/Users/ifate/Documents/MATLAB/airplay/simulink/src/draft/CMakeLists.txt
[26.360s] Invoked command in 'C:\Users\ifate\Documents\MATLAB\airplay\simulink\build\draft' returned '0': AMENT_PREFIX_PATH=C:\Users\ifate\Documents\MATLAB\airplay\simulink\install;%AMENT_PREFIX_PATH% CL=/MP CMAKE_PREFIX_PATH=C:\Users\ifate\Documents\MATLAB\airplay\simulink\install;%CMAKE_PREFIX_PATH% PYTHONPATH=C:\Users\ifate\Documents\MATLAB\airplay\simulink\install\Lib\site-packages;%PYTHONPATH% Path=C:\Users\ifate\Documents\MATLAB\airplay\simulink\install\bin;%Path% C:\Program Files\CMake\bin\cmake.EXE --build C:\Users\ifate\Documents\MATLAB\airplay\simulink\build\draft --config Release
[26.375s] Invoking command in 'C:\Users\ifate\Documents\MATLAB\airplay\simulink\build\draft': AMENT_PREFIX_PATH=C:\Users\ifate\Documents\MATLAB\airplay\simulink\install;%AMENT_PREFIX_PATH% CMAKE_PREFIX_PATH=C:\Users\ifate\Documents\MATLAB\airplay\simulink\install;%CMAKE_PREFIX_PATH% PYTHONPATH=C:\Users\ifate\Documents\MATLAB\airplay\simulink\install\Lib\site-packages;%PYTHONPATH% Path=C:\Users\ifate\Documents\MATLAB\airplay\simulink\install\bin;%Path% C:\Program Files\CMake\bin\cmake.EXE --install C:\Users\ifate\Documents\MATLAB\airplay\simulink\build\draft --config Release
[26.438s] -- Installing: C:/Users/ifate/Documents/MATLAB/airplay/simulink/install/lib/draft/draft.exe
[26.453s] -- Installing: C:/Users/ifate/Documents/MATLAB/airplay/simulink/install/share/ament_index/resource_index/package_run_dependencies/draft
[26.469s] -- Installing: C:/Users/ifate/Documents/MATLAB/airplay/simulink/install/share/ament_index/resource_index/parent_prefix_path/draft
[26.469s] -- Installing: C:/Users/ifate/Documents/MATLAB/airplay/simulink/install/share/draft/environment/ament_prefix_path.bat
[26.469s] -- Installing: C:/Users/ifate/Documents/MATLAB/airplay/simulink/install/share/draft/environment/ament_prefix_path.dsv
[26.469s] -- Installing: C:/Users/ifate/Documents/MATLAB/airplay/simulink/install/share/draft/environment/path.bat
[26.485s] -- Installing: C:/Users/ifate/Documents/MATLAB/airplay/simulink/install/share/draft/environment/path.dsv
[26.485s] -- Installing: C:/Users/ifate/Documents/MATLAB/airplay/simulink/install/share/draft/local_setup.bat
[26.500s] -- Installing: C:/Users/ifate/Documents/MATLAB/airplay/simulink/install/share/draft/local_setup.dsv
[26.516s] -- Installing: C:/Users/ifate/Documents/MATLAB/airplay/simulink/install/share/draft/package.dsv
[26.516s] -- Installing: C:/Users/ifate/Documents/MATLAB/airplay/simulink/install/share/ament_index/resource_index/packages/draft
[26.516s] -- Installing: C:/Users/ifate/Documents/MATLAB/airplay/simulink/install/share/draft/cmake/ament_cmake_export_include_directories-extras.cmake
[26.516s] -- Installing: C:/Users/ifate/Documents/MATLAB/airplay/simulink/install/share/draft/cmake/draftConfig.cmake
[26.531s] -- Installing: C:/Users/ifate/Documents/MATLAB/airplay/simulink/install/share/draft/cmake/draftConfig-version.cmake
[26.531s] -- Installing: C:/Users/ifate/Documents/MATLAB/airplay/simulink/install/share/draft/package.xml
[26.547s] Invoked command in 'C:\Users\ifate\Documents\MATLAB\airplay\simulink\build\draft' returned '0': AMENT_PREFIX_PATH=C:\Users\ifate\Documents\MATLAB\airplay\simulink\install;%AMENT_PREFIX_PATH% CMAKE_PREFIX_PATH=C:\Users\ifate\Documents\MATLAB\airplay\simulink\install;%CMAKE_PREFIX_PATH% PYTHONPATH=C:\Users\ifate\Documents\MATLAB\airplay\simulink\install\Lib\site-packages;%PYTHONPATH% Path=C:\Users\ifate\Documents\MATLAB\airplay\simulink\install\bin;%Path% C:\Program Files\CMake\bin\cmake.EXE --install C:\Users\ifate\Documents\MATLAB\airplay\simulink\build\draft --config Release
