[1.461s] [34mcolcon[0m [1;30mDEBUG[0m [32mCommand line arguments: ['C:\\Users\\ifate\\AppData\\Roaming\\MathWorks\\MATLAB\\R2022a\\ros2\\win64\\venv\\Scripts\\colcon', 'build', '--merge-install', '--cmake-args', '-G', 'Ninja', '--cmake-args', '-DCMAKE_BUILD_TYPE=Release', '-DBUILD_TESTING=OFF', '-DCMAKE_CXX_COMPILER=cl.exe', '-DCMAKE_C_COMPILER=cl.exe', '-DCMAKE_LINKER=link.exe', '-DMSVC_TOOLSET_VERSION=141', '-DCMAKE_CXX_FLAGS_RELEASE=/MD /Od /Ob2 /DNDEBUG'][0m
[1.461s] [34mcolcon[0m [1;30mDEBUG[0m [32mParsed command line arguments: Namespace(log_base=None, log_level=None, verb_name='build', build_base='build', install_base='install', merge_install=True, symlink_install=False, test_result_base=None, continue_on_error=False, executor='parallel', parallel_workers=8, event_handlers=None, ignore_user_meta=False, metas=['./colcon.meta'], base_paths=['.'], packages_ignore=None, packages_ignore_regex=None, paths=None, packages_up_to=None, packages_up_to_regex=None, packages_above=None, packages_above_and_dependencies=None, packages_above_depth=None, packages_select_by_dep=None, packages_skip_by_dep=None, packages_skip_up_to=None, packages_select_build_failed=False, packages_skip_build_finished=False, packages_select_test_failures=False, packages_skip_test_passed=False, packages_select=None, packages_skip=None, packages_select_regex=None, packages_skip_regex=None, packages_start=None, packages_end=None, cmake_args=['-DCMAKE_BUILD_TYPE=Release', '-DBUILD_TESTING=OFF', '-DCMAKE_CXX_COMPILER=cl.exe', '-DCMAKE_C_COMPILER=cl.exe', '-DCMAKE_LINKER=link.exe', '-DMSVC_TOOLSET_VERSION=141', '-DCMAKE_CXX_FLAGS_RELEASE=/MD /Od /Ob2 /DNDEBUG'], cmake_target=None, cmake_target_skip_unavailable=False, cmake_clean_cache=False, cmake_clean_first=False, cmake_force_configure=False, ament_cmake_args=None, catkin_cmake_args=None, catkin_skip_building_tests=False, verb_parser=<colcon_defaults.argument_parser.defaults.DefaultArgumentsDecorator object at 0x00000296B3AE0550>, verb_extension=<colcon_core.verb.build.BuildVerb object at 0x00000296B3AE0310>, main=<bound method BuildVerb.main of <colcon_core.verb.build.BuildVerb object at 0x00000296B3AE0310>>)[0m
[1.525s] [34mcolcon.colcon_core.package_discovery[0m [1;30mLevel 1[0m discover_packages(colcon_meta) check parameters
[1.525s] [34mcolcon.colcon_core.package_discovery[0m [1;30mLevel 1[0m discover_packages(recursive) check parameters
[1.525s] [34mcolcon.colcon_core.package_discovery[0m [1;30mLevel 1[0m discover_packages(ignore) check parameters
[1.526s] [34mcolcon.colcon_core.package_discovery[0m [1;30mLevel 1[0m discover_packages(path) check parameters
[1.526s] [34mcolcon.colcon_core.package_discovery[0m [1;30mLevel 1[0m discover_packages(colcon_meta) discover
[1.526s] [34mcolcon.colcon_core.package_discovery[0m [1;30mLevel 1[0m discover_packages(recursive) discover
[1.526s] [34mcolcon.colcon_core.package_discovery[0m [1;30mINFO[0m Crawling recursively for packages in 'C:\Users\ifate\Documents\MATLAB\airplay\custom\matlab_msg_gen\win64'
[1.526s] [34mcolcon.colcon_core.package_identification[0m [1;30mLevel 1[0m _identify(.) by extensions ['ignore', 'ignore_ament_install']
[1.527s] [34mcolcon.colcon_core.package_identification[0m [1;30mLevel 1[0m _identify(.) by extension 'ignore'
[1.527s] [34mcolcon.colcon_core.package_identification[0m [1;30mLevel 1[0m _identify(.) by extension 'ignore_ament_install'
[1.528s] [34mcolcon.colcon_core.package_identification[0m [1;30mLevel 1[0m _identify(.) by extensions ['colcon_pkg']
[1.528s] [34mcolcon.colcon_core.package_identification[0m [1;30mLevel 1[0m _identify(.) by extension 'colcon_pkg'
[1.528s] [34mcolcon.colcon_core.package_identification[0m [1;30mLevel 1[0m _identify(.) by extensions ['colcon_meta']
[1.528s] [34mcolcon.colcon_core.package_identification[0m [1;30mLevel 1[0m _identify(.) by extension 'colcon_meta'
[1.529s] [34mcolcon.colcon_core.package_identification[0m [1;30mLevel 1[0m _identify(.) by extensions ['ros']
[1.529s] [34mcolcon.colcon_core.package_identification[0m [1;30mLevel 1[0m _identify(.) by extension 'ros'
[1.572s] [34mcolcon.colcon_core.package_identification[0m [1;30mLevel 1[0m _identify(.) by extensions ['cmake', 'python']
[1.572s] [34mcolcon.colcon_core.package_identification[0m [1;30mLevel 1[0m _identify(.) by extension 'cmake'
[1.572s] [34mcolcon.colcon_core.package_identification[0m [1;30mLevel 1[0m _identify(.) by extension 'python'
[1.572s] [34mcolcon.colcon_core.package_identification[0m [1;30mLevel 1[0m _identify(.) by extensions ['python_setup_py']
[1.572s] [34mcolcon.colcon_core.package_identification[0m [1;30mLevel 1[0m _identify(.) by extension 'python_setup_py'
[1.573s] [34mcolcon.colcon_core.package_identification[0m [1;30mLevel 1[0m _identify(build) by extensions ['ignore', 'ignore_ament_install']
[1.573s] [34mcolcon.colcon_core.package_identification[0m [1;30mLevel 1[0m _identify(build) by extension 'ignore'
[1.573s] [34mcolcon.colcon_core.package_identification[0m [1;30mLevel 1[0m _identify(build) ignored
[1.574s] [34mcolcon.colcon_core.package_identification[0m [1;30mLevel 1[0m _identify(install) by extensions ['ignore', 'ignore_ament_install']
[1.574s] [34mcolcon.colcon_core.package_identification[0m [1;30mLevel 1[0m _identify(install) by extension 'ignore'
[1.574s] [34mcolcon.colcon_core.package_identification[0m [1;30mLevel 1[0m _identify(install) ignored
[1.575s] [34mcolcon.colcon_core.package_identification[0m [1;30mLevel 1[0m _identify(log) by extensions ['ignore', 'ignore_ament_install']
[1.575s] [34mcolcon.colcon_core.package_identification[0m [1;30mLevel 1[0m _identify(log) by extension 'ignore'
[1.575s] [34mcolcon.colcon_core.package_identification[0m [1;30mLevel 1[0m _identify(log) ignored
[1.576s] [34mcolcon.colcon_core.package_identification[0m [1;30mLevel 1[0m _identify(src) by extensions ['ignore', 'ignore_ament_install']
[1.576s] [34mcolcon.colcon_core.package_identification[0m [1;30mLevel 1[0m _identify(src) by extension 'ignore'
[1.576s] [34mcolcon.colcon_core.package_identification[0m [1;30mLevel 1[0m _identify(src) by extension 'ignore_ament_install'
[1.576s] [34mcolcon.colcon_core.package_identification[0m [1;30mLevel 1[0m _identify(src) by extensions ['colcon_pkg']
[1.576s] [34mcolcon.colcon_core.package_identification[0m [1;30mLevel 1[0m _identify(src) by extension 'colcon_pkg'
[1.576s] [34mcolcon.colcon_core.package_identification[0m [1;30mLevel 1[0m _identify(src) by extensions ['colcon_meta']
[1.577s] [34mcolcon.colcon_core.package_identification[0m [1;30mLevel 1[0m _identify(src) by extension 'colcon_meta'
[1.577s] [34mcolcon.colcon_core.package_identification[0m [1;30mLevel 1[0m _identify(src) by extensions ['ros']
[1.577s] [34mcolcon.colcon_core.package_identification[0m [1;30mLevel 1[0m _identify(src) by extension 'ros'
[1.577s] [34mcolcon.colcon_core.package_identification[0m [1;30mLevel 1[0m _identify(src) by extensions ['cmake', 'python']
[1.577s] [34mcolcon.colcon_core.package_identification[0m [1;30mLevel 1[0m _identify(src) by extension 'cmake'
[1.577s] [34mcolcon.colcon_core.package_identification[0m [1;30mLevel 1[0m _identify(src) by extension 'python'
[1.578s] [34mcolcon.colcon_core.package_identification[0m [1;30mLevel 1[0m _identify(src) by extensions ['python_setup_py']
[1.578s] [34mcolcon.colcon_core.package_identification[0m [1;30mLevel 1[0m _identify(src) by extension 'python_setup_py'
[1.578s] [34mcolcon.colcon_core.package_identification[0m [1;30mLevel 1[0m _identify(src\ap_interfaces) by extensions ['ignore', 'ignore_ament_install']
[1.578s] [34mcolcon.colcon_core.package_identification[0m [1;30mLevel 1[0m _identify(src\ap_interfaces) by extension 'ignore'
[1.578s] [34mcolcon.colcon_core.package_identification[0m [1;30mLevel 1[0m _identify(src\ap_interfaces) by extension 'ignore_ament_install'
[1.579s] [34mcolcon.colcon_core.package_identification[0m [1;30mLevel 1[0m _identify(src\ap_interfaces) by extensions ['colcon_pkg']
[1.579s] [34mcolcon.colcon_core.package_identification[0m [1;30mLevel 1[0m _identify(src\ap_interfaces) by extension 'colcon_pkg'
[1.579s] [34mcolcon.colcon_core.package_identification[0m [1;30mLevel 1[0m _identify(src\ap_interfaces) by extensions ['colcon_meta']
[1.579s] [34mcolcon.colcon_core.package_identification[0m [1;30mLevel 1[0m _identify(src\ap_interfaces) by extension 'colcon_meta'
[1.579s] [34mcolcon.colcon_core.package_identification[0m [1;30mLevel 1[0m _identify(src\ap_interfaces) by extensions ['ros']
[1.579s] [34mcolcon.colcon_core.package_identification[0m [1;30mLevel 1[0m _identify(src\ap_interfaces) by extension 'ros'
[1.587s] [34mcolcon.colcon_core.package_identification[0m [1;30mDEBUG[0m [32mPackage 'src\ap_interfaces' with type 'ros.ament_cmake' and name 'ap_interfaces'[0m
[1.587s] [34mcolcon.colcon_core.package_discovery[0m [1;30mLevel 1[0m discover_packages(recursive) using defaults
[1.587s] [34mcolcon.colcon_core.package_discovery[0m [1;30mLevel 1[0m discover_packages(ignore) discover
[1.587s] [34mcolcon.colcon_core.package_discovery[0m [1;30mLevel 1[0m discover_packages(ignore) using defaults
[1.587s] [34mcolcon.colcon_core.package_discovery[0m [1;30mLevel 1[0m discover_packages(path) discover
[1.587s] [34mcolcon.colcon_core.package_discovery[0m [1;30mLevel 1[0m discover_packages(path) using defaults
[1.717s] [34mcolcon.colcon_core.verb[0m [1;30mLevel 5[0m set package 'ap_interfaces' build argument 'cmake_args' from command line to '['-DCMAKE_BUILD_TYPE=Release', '-DBUILD_TESTING=OFF', '-DCMAKE_CXX_COMPILER=cl.exe', '-DCMAKE_C_COMPILER=cl.exe', '-DCMAKE_LINKER=link.exe', '-DMSVC_TOOLSET_VERSION=141', '-DCMAKE_CXX_FLAGS_RELEASE=/MD /Od /Ob2 /DNDEBUG']'
[1.717s] [34mcolcon.colcon_core.verb[0m [1;30mLevel 5[0m set package 'ap_interfaces' build argument 'cmake_target' from command line to 'None'
[1.718s] [34mcolcon.colcon_core.verb[0m [1;30mLevel 5[0m set package 'ap_interfaces' build argument 'cmake_target_skip_unavailable' from command line to 'False'
[1.718s] [34mcolcon.colcon_core.verb[0m [1;30mLevel 5[0m set package 'ap_interfaces' build argument 'cmake_clean_cache' from command line to 'False'
[1.718s] [34mcolcon.colcon_core.verb[0m [1;30mLevel 5[0m set package 'ap_interfaces' build argument 'cmake_clean_first' from command line to 'False'
[1.718s] [34mcolcon.colcon_core.verb[0m [1;30mLevel 5[0m set package 'ap_interfaces' build argument 'cmake_force_configure' from command line to 'False'
[1.718s] [34mcolcon.colcon_core.verb[0m [1;30mLevel 5[0m set package 'ap_interfaces' build argument 'ament_cmake_args' from command line to 'None'
[1.718s] [34mcolcon.colcon_core.verb[0m [1;30mLevel 5[0m set package 'ap_interfaces' build argument 'catkin_cmake_args' from command line to 'None'
[1.718s] [34mcolcon.colcon_core.verb[0m [1;30mLevel 5[0m set package 'ap_interfaces' build argument 'catkin_skip_building_tests' from command line to 'False'
[1.718s] [34mcolcon.colcon_core.verb[0m [1;30mDEBUG[0m [32mBuilding package 'ap_interfaces' with the following arguments: {'ament_cmake_args': None, 'build_base': 'C:\\Users\\ifate\\Documents\\MATLAB\\airplay\\custom\\matlab_msg_gen\\win64\\build\\ap_interfaces', 'catkin_cmake_args': None, 'catkin_skip_building_tests': False, 'cmake_args': ['-DCMAKE_BUILD_TYPE=Release', '-DBUILD_TESTING=OFF', '-DCMAKE_CXX_COMPILER=cl.exe', '-DCMAKE_C_COMPILER=cl.exe', '-DCMAKE_LINKER=link.exe', '-DMSVC_TOOLSET_VERSION=141', '-DCMAKE_CXX_FLAGS_RELEASE=/MD /Od /Ob2 /DNDEBUG'], 'cmake_clean_cache': False, 'cmake_clean_first': False, 'cmake_force_configure': False, 'cmake_target': None, 'cmake_target_skip_unavailable': False, 'install_base': 'C:\\Users\\ifate\\Documents\\MATLAB\\airplay\\custom\\matlab_msg_gen\\win64\\install', 'merge_install': True, 'path': 'C:\\Users\\ifate\\Documents\\MATLAB\\airplay\\custom\\matlab_msg_gen\\win64\\src\\ap_interfaces', 'symlink_install': False, 'test_result_base': None}[0m
[1.722s] [34mcolcon.colcon_core.executor[0m [1;30mINFO[0m Executing jobs using 'parallel' executor
[1.765s] [34mcolcon.colcon_parallel_executor.executor.parallel[0m [1;30mDEBUG[0m [32mrun_until_complete[0m
[1.766s] [34mcolcon.colcon_ros.task.ament_cmake.build[0m [1;30mINFO[0m Building ROS package in 'C:\Users\ifate\Documents\MATLAB\airplay\custom\matlab_msg_gen\win64\src\ap_interfaces' with build type 'ament_cmake'
[1.766s] [34mcolcon.colcon_cmake.task.cmake.build[0m [1;30mINFO[0m Building CMake package in 'C:\Users\ifate\Documents\MATLAB\airplay\custom\matlab_msg_gen\win64\src\ap_interfaces'
[1.785s] [34mcolcon.colcon_core.plugin_system[0m [1;30mINFO[0m Skipping extension 'colcon_core.shell.sh': Not used on Windows systems
[1.785s] [34mcolcon.colcon_core.shell[0m [1;30mINFO[0m Skip shell extension 'powershell' for command environment: Not usable outside of PowerShell
[1.867s] [34mcolcon.colcon_core.event_handler.log_command[0m [1;30mDEBUG[0m [32mInvoking command in 'C:\Users\ifate\Documents\MATLAB\airplay\custom\matlab_msg_gen\win64\build\ap_interfaces': C:\Program Files\CMake\bin\cmake.EXE C:\Users\ifate\Documents\MATLAB\airplay\custom\matlab_msg_gen\win64\src\ap_interfaces -DCMAKE_BUILD_TYPE=Release -DBUILD_TESTING=OFF -DCMAKE_CXX_COMPILER=cl.exe -DCMAKE_C_COMPILER=cl.exe -DCMAKE_LINKER=link.exe -DMSVC_TOOLSET_VERSION=141 -DCMAKE_CXX_FLAGS_RELEASE=/MD /Od /Ob2 /DNDEBUG -DCMAKE_INSTALL_PREFIX=C:\Users\ifate\Documents\MATLAB\airplay\custom\matlab_msg_gen\win64\install -G Visual Studio 16 2019[0m
[16.818s] [34mcolcon.colcon_core.event_handler.log_command[0m [1;30mDEBUG[0m [32mInvoked command in 'C:\Users\ifate\Documents\MATLAB\airplay\custom\matlab_msg_gen\win64\build\ap_interfaces' returned '0': C:\Program Files\CMake\bin\cmake.EXE C:\Users\ifate\Documents\MATLAB\airplay\custom\matlab_msg_gen\win64\src\ap_interfaces -DCMAKE_BUILD_TYPE=Release -DBUILD_TESTING=OFF -DCMAKE_CXX_COMPILER=cl.exe -DCMAKE_C_COMPILER=cl.exe -DCMAKE_LINKER=link.exe -DMSVC_TOOLSET_VERSION=141 -DCMAKE_CXX_FLAGS_RELEASE=/MD /Od /Ob2 /DNDEBUG -DCMAKE_INSTALL_PREFIX=C:\Users\ifate\Documents\MATLAB\airplay\custom\matlab_msg_gen\win64\install -G Visual Studio 16 2019[0m
[16.824s] [34mcolcon.colcon_core.event_handler.log_command[0m [1;30mDEBUG[0m [32mInvoking command in 'C:\Users\ifate\Documents\MATLAB\airplay\custom\matlab_msg_gen\win64\build\ap_interfaces': CL=/MP C:\Program Files\CMake\bin\cmake.EXE --build C:\Users\ifate\Documents\MATLAB\airplay\custom\matlab_msg_gen\win64\build\ap_interfaces --config Release[0m
[45.251s] [34mcolcon.colcon_core.event_handler.log_command[0m [1;30mDEBUG[0m [32mInvoked command in 'C:\Users\ifate\Documents\MATLAB\airplay\custom\matlab_msg_gen\win64\build\ap_interfaces' returned '0': CL=/MP C:\Program Files\CMake\bin\cmake.EXE --build C:\Users\ifate\Documents\MATLAB\airplay\custom\matlab_msg_gen\win64\build\ap_interfaces --config Release[0m
[45.307s] [34mcolcon.colcon_core.event_handler.log_command[0m [1;30mDEBUG[0m [32mInvoking command in 'C:\Users\ifate\Documents\MATLAB\airplay\custom\matlab_msg_gen\win64\build\ap_interfaces': C:\Program Files\CMake\bin\cmake.EXE --install C:\Users\ifate\Documents\MATLAB\airplay\custom\matlab_msg_gen\win64\build\ap_interfaces --config Release[0m
[46.998s] [34mcolcon.colcon_core.environment[0m [1;30mLevel 1[0m create_environment_scripts_only(ap_interfaces)
[47.003s] [34mcolcon.colcon_core.event_handler.log_command[0m [1;30mDEBUG[0m [32mInvoked command in 'C:\Users\ifate\Documents\MATLAB\airplay\custom\matlab_msg_gen\win64\build\ap_interfaces' returned '0': C:\Program Files\CMake\bin\cmake.EXE --install C:\Users\ifate\Documents\MATLAB\airplay\custom\matlab_msg_gen\win64\build\ap_interfaces --config Release[0m
[47.052s] [34mcolcon.colcon_core.environment[0m [1;30mLevel 1[0m checking 'C:\Users\ifate\Documents\MATLAB\airplay\custom\matlab_msg_gen\win64\install' for CMake module files
[47.059s] [34mcolcon.colcon_core.environment[0m [1;30mLevel 1[0m checking 'C:\Users\ifate\Documents\MATLAB\airplay\custom\matlab_msg_gen\win64\install' for CMake config files
[47.065s] [34mcolcon.colcon_core.shell[0m [1;30mLevel 1[0m create_environment_hook('ap_interfaces', 'cmake_prefix_path')
[47.086s] [34mcolcon.colcon_core.shell[0m [1;30mINFO[0m Creating environment hook 'C:\Users\ifate\Documents\MATLAB\airplay\custom\matlab_msg_gen\win64\install\share\ap_interfaces\hook\cmake_prefix_path.ps1'
[47.090s] [34mcolcon.colcon_core.shell[0m [1;30mINFO[0m Creating environment hook 'C:\Users\ifate\Documents\MATLAB\airplay\custom\matlab_msg_gen\win64\install\share\ap_interfaces\hook\cmake_prefix_path.bat'
[47.093s] [34mcolcon.colcon_core.shell[0m [1;30mINFO[0m Creating environment descriptor 'C:\Users\ifate\Documents\MATLAB\airplay\custom\matlab_msg_gen\win64\install\share\ap_interfaces\hook\cmake_prefix_path.dsv'
[47.096s] [34mcolcon.colcon_core.environment[0m [1;30mLevel 1[0m checking 'C:\Users\ifate\Documents\MATLAB\airplay\custom\matlab_msg_gen\win64\install\bin'
[47.098s] [34mcolcon.colcon_core.shell[0m [1;30mLevel 1[0m create_environment_hook('ap_interfaces', 'path_dll')
[47.118s] [34mcolcon.colcon_core.shell[0m [1;30mINFO[0m Creating environment hook 'C:\Users\ifate\Documents\MATLAB\airplay\custom\matlab_msg_gen\win64\install\share\ap_interfaces\hook\path_dll.ps1'
[47.121s] [34mcolcon.colcon_core.shell[0m [1;30mINFO[0m Creating environment hook 'C:\Users\ifate\Documents\MATLAB\airplay\custom\matlab_msg_gen\win64\install\share\ap_interfaces\hook\path_dll.bat'
[47.123s] [34mcolcon.colcon_core.shell[0m [1;30mINFO[0m Creating environment descriptor 'C:\Users\ifate\Documents\MATLAB\airplay\custom\matlab_msg_gen\win64\install\share\ap_interfaces\hook\path_dll.dsv'
[47.125s] [34mcolcon.colcon_core.environment[0m [1;30mLevel 1[0m checking 'C:\Users\ifate\Documents\MATLAB\airplay\custom\matlab_msg_gen\win64\install\bin'
[47.125s] [34mcolcon.colcon_core.shell[0m [1;30mLevel 1[0m create_environment_hook('ap_interfaces', 'path')
[47.143s] [34mcolcon.colcon_core.shell[0m [1;30mINFO[0m Creating environment hook 'C:\Users\ifate\Documents\MATLAB\airplay\custom\matlab_msg_gen\win64\install\share\ap_interfaces\hook\path.ps1'
[47.146s] [34mcolcon.colcon_core.shell[0m [1;30mINFO[0m Creating environment hook 'C:\Users\ifate\Documents\MATLAB\airplay\custom\matlab_msg_gen\win64\install\share\ap_interfaces\hook\path.bat'
[47.149s] [34mcolcon.colcon_core.shell[0m [1;30mINFO[0m Creating environment descriptor 'C:\Users\ifate\Documents\MATLAB\airplay\custom\matlab_msg_gen\win64\install\share\ap_interfaces\hook\path.dsv'
[47.151s] [34mcolcon.colcon_core.environment[0m [1;30mLevel 1[0m checking 'C:\Users\ifate\Documents\MATLAB\airplay\custom\matlab_msg_gen\win64\install\Scripts'
[47.152s] [34mcolcon.colcon_core.environment[0m [1;30mLevel 1[0m checking 'C:\Users\ifate\Documents\MATLAB\airplay\custom\matlab_msg_gen\win64\install\lib\pkgconfig\ap_interfaces.pc'
[47.152s] [34mcolcon.colcon_core.environment[0m [1;30mLevel 1[0m checking 'C:\Users\ifate\Documents\MATLAB\airplay\custom\matlab_msg_gen\win64\install\Lib\site-packages'
[47.152s] [34mcolcon.colcon_core.shell[0m [1;30mLevel 1[0m create_environment_hook('ap_interfaces', 'pythonpath')
[47.173s] [34mcolcon.colcon_core.shell[0m [1;30mINFO[0m Creating environment hook 'C:\Users\ifate\Documents\MATLAB\airplay\custom\matlab_msg_gen\win64\install\share\ap_interfaces\hook\pythonpath.ps1'
[47.177s] [34mcolcon.colcon_core.shell[0m [1;30mINFO[0m Creating environment hook 'C:\Users\ifate\Documents\MATLAB\airplay\custom\matlab_msg_gen\win64\install\share\ap_interfaces\hook\pythonpath.bat'
[47.180s] [34mcolcon.colcon_core.shell[0m [1;30mINFO[0m Creating environment descriptor 'C:\Users\ifate\Documents\MATLAB\airplay\custom\matlab_msg_gen\win64\install\share\ap_interfaces\hook\pythonpath.dsv'
[47.211s] [34mcolcon.colcon_core.shell[0m [1;30mINFO[0m Creating package script 'C:\Users\ifate\Documents\MATLAB\airplay\custom\matlab_msg_gen\win64\install\share\ap_interfaces\package.ps1'
[47.217s] [34mcolcon.colcon_core.shell[0m [1;30mINFO[0m Creating package script 'C:\Users\ifate\Documents\MATLAB\airplay\custom\matlab_msg_gen\win64\install\share\ap_interfaces\package.bat'
[47.223s] [34mcolcon.colcon_core.shell[0m [1;30mINFO[0m Creating package descriptor 'C:\Users\ifate\Documents\MATLAB\airplay\custom\matlab_msg_gen\win64\install\share\ap_interfaces\package.dsv'
[47.227s] [34mcolcon.colcon_core.environment[0m [1;30mLevel 1[0m create_file_with_runtime_dependencies(C:\Users\ifate\Documents\MATLAB\airplay\custom\matlab_msg_gen\win64\install\share\colcon-core\packages\ap_interfaces)
[47.254s] [34mcolcon.colcon_core.environment[0m [1;30mLevel 1[0m create_environment_scripts_only(ap_interfaces)
[47.289s] [34mcolcon.colcon_core.environment[0m [1;30mLevel 1[0m checking 'C:\Users\ifate\Documents\MATLAB\airplay\custom\matlab_msg_gen\win64\install' for CMake module files
[47.301s] [34mcolcon.colcon_core.environment[0m [1;30mLevel 1[0m checking 'C:\Users\ifate\Documents\MATLAB\airplay\custom\matlab_msg_gen\win64\install' for CMake config files
[47.308s] [34mcolcon.colcon_core.shell[0m [1;30mLevel 1[0m create_environment_hook('ap_interfaces', 'cmake_prefix_path')
[47.326s] [34mcolcon.colcon_core.shell[0m [1;30mINFO[0m Creating environment hook 'C:\Users\ifate\Documents\MATLAB\airplay\custom\matlab_msg_gen\win64\install\share\ap_interfaces\hook\cmake_prefix_path.ps1'
[47.328s] [34mcolcon.colcon_core.shell[0m [1;30mINFO[0m Creating environment hook 'C:\Users\ifate\Documents\MATLAB\airplay\custom\matlab_msg_gen\win64\install\share\ap_interfaces\hook\cmake_prefix_path.bat'
[47.330s] [34mcolcon.colcon_core.shell[0m [1;30mINFO[0m Creating environment descriptor 'C:\Users\ifate\Documents\MATLAB\airplay\custom\matlab_msg_gen\win64\install\share\ap_interfaces\hook\cmake_prefix_path.dsv'
[47.333s] [34mcolcon.colcon_core.environment[0m [1;30mLevel 1[0m checking 'C:\Users\ifate\Documents\MATLAB\airplay\custom\matlab_msg_gen\win64\install\bin'
[47.333s] [34mcolcon.colcon_core.shell[0m [1;30mLevel 1[0m create_environment_hook('ap_interfaces', 'path_dll')
[47.350s] [34mcolcon.colcon_core.shell[0m [1;30mINFO[0m Creating environment hook 'C:\Users\ifate\Documents\MATLAB\airplay\custom\matlab_msg_gen\win64\install\share\ap_interfaces\hook\path_dll.ps1'
[47.352s] [34mcolcon.colcon_core.shell[0m [1;30mINFO[0m Creating environment hook 'C:\Users\ifate\Documents\MATLAB\airplay\custom\matlab_msg_gen\win64\install\share\ap_interfaces\hook\path_dll.bat'
[47.355s] [34mcolcon.colcon_core.shell[0m [1;30mINFO[0m Creating environment descriptor 'C:\Users\ifate\Documents\MATLAB\airplay\custom\matlab_msg_gen\win64\install\share\ap_interfaces\hook\path_dll.dsv'
[47.357s] [34mcolcon.colcon_core.environment[0m [1;30mLevel 1[0m checking 'C:\Users\ifate\Documents\MATLAB\airplay\custom\matlab_msg_gen\win64\install\bin'
[47.357s] [34mcolcon.colcon_core.shell[0m [1;30mLevel 1[0m create_environment_hook('ap_interfaces', 'path')
[47.373s] [34mcolcon.colcon_core.shell[0m [1;30mINFO[0m Creating environment hook 'C:\Users\ifate\Documents\MATLAB\airplay\custom\matlab_msg_gen\win64\install\share\ap_interfaces\hook\path.ps1'
[47.375s] [34mcolcon.colcon_core.shell[0m [1;30mINFO[0m Creating environment hook 'C:\Users\ifate\Documents\MATLAB\airplay\custom\matlab_msg_gen\win64\install\share\ap_interfaces\hook\path.bat'
[47.377s] [34mcolcon.colcon_core.shell[0m [1;30mINFO[0m Creating environment descriptor 'C:\Users\ifate\Documents\MATLAB\airplay\custom\matlab_msg_gen\win64\install\share\ap_interfaces\hook\path.dsv'
[47.380s] [34mcolcon.colcon_core.environment[0m [1;30mLevel 1[0m checking 'C:\Users\ifate\Documents\MATLAB\airplay\custom\matlab_msg_gen\win64\install\Scripts'
[47.380s] [34mcolcon.colcon_core.environment[0m [1;30mLevel 1[0m checking 'C:\Users\ifate\Documents\MATLAB\airplay\custom\matlab_msg_gen\win64\install\lib\pkgconfig\ap_interfaces.pc'
[47.380s] [34mcolcon.colcon_core.environment[0m [1;30mLevel 1[0m checking 'C:\Users\ifate\Documents\MATLAB\airplay\custom\matlab_msg_gen\win64\install\Lib\site-packages'
[47.380s] [34mcolcon.colcon_core.shell[0m [1;30mLevel 1[0m create_environment_hook('ap_interfaces', 'pythonpath')
[47.398s] [34mcolcon.colcon_core.shell[0m [1;30mINFO[0m Creating environment hook 'C:\Users\ifate\Documents\MATLAB\airplay\custom\matlab_msg_gen\win64\install\share\ap_interfaces\hook\pythonpath.ps1'
[47.400s] [34mcolcon.colcon_core.shell[0m [1;30mINFO[0m Creating environment hook 'C:\Users\ifate\Documents\MATLAB\airplay\custom\matlab_msg_gen\win64\install\share\ap_interfaces\hook\pythonpath.bat'
[47.404s] [34mcolcon.colcon_core.shell[0m [1;30mINFO[0m Creating environment descriptor 'C:\Users\ifate\Documents\MATLAB\airplay\custom\matlab_msg_gen\win64\install\share\ap_interfaces\hook\pythonpath.dsv'
[47.429s] [34mcolcon.colcon_core.shell[0m [1;30mINFO[0m Creating package script 'C:\Users\ifate\Documents\MATLAB\airplay\custom\matlab_msg_gen\win64\install\share\ap_interfaces\package.ps1'
[47.432s] [34mcolcon.colcon_core.shell[0m [1;30mINFO[0m Creating package script 'C:\Users\ifate\Documents\MATLAB\airplay\custom\matlab_msg_gen\win64\install\share\ap_interfaces\package.bat'
[47.435s] [34mcolcon.colcon_core.shell[0m [1;30mINFO[0m Creating package descriptor 'C:\Users\ifate\Documents\MATLAB\airplay\custom\matlab_msg_gen\win64\install\share\ap_interfaces\package.dsv'
[47.438s] [34mcolcon.colcon_core.environment[0m [1;30mLevel 1[0m create_file_with_runtime_dependencies(C:\Users\ifate\Documents\MATLAB\airplay\custom\matlab_msg_gen\win64\install\share\colcon-core\packages\ap_interfaces)
[47.439s] [34mcolcon.colcon_parallel_executor.executor.parallel[0m [1;30mDEBUG[0m [32mrun_until_complete finished with '0'[0m
[47.440s] [34mcolcon.colcon_core.event_reactor[0m [1;30mDEBUG[0m [32mjoining thread[0m
[47.479s] [34mcolcon.colcon_core.plugin_system[0m [1;30mINFO[0m Skipping extension 'colcon_notification.desktop_notification.notify2': 'notify2' not found
[47.480s] [34mcolcon.colcon_core.plugin_system[0m [1;30mINFO[0m Skipping extension 'colcon_notification.desktop_notification.notify_send': Not used on non-Linux systems
[47.480s] [34mcolcon.colcon_core.plugin_system[0m [1;30mINFO[0m Skipping extension 'colcon_notification.desktop_notification.terminal_notifier': Not used on non-Darwin systems
[47.481s] [34mcolcon.colcon_notification.desktop_notification[0m [1;30mINFO[0m Sending desktop notification using 'win32'
[47.504s] [34mcolcon.colcon_notification.desktop_notification.win32[0m [1;30mDEBUG[0m [32mFailed to import win32gui: DLL load failed while importing win32gui: ÕÒ²»µ½Ö¸¶¨µÄÄ£¿é¡£[0m
[47.505s] [34mcolcon.colcon_core.event_reactor[0m [1;30mDEBUG[0m [32mjoined thread[0m
[47.530s] [34mcolcon.colcon_core.shell[0m [1;30mINFO[0m Creating prefix script 'C:\Users\ifate\Documents\MATLAB\airplay\custom\matlab_msg_gen\win64\install\local_setup.ps1'
[47.584s] [34mcolcon.colcon_core.shell[0m [1;30mINFO[0m Creating prefix util module 'C:\Users\ifate\Documents\MATLAB\airplay\custom\matlab_msg_gen\win64\install\_local_setup_util_ps1.py'
[47.592s] [34mcolcon.colcon_core.shell[0m [1;30mINFO[0m Creating prefix chain script 'C:\Users\ifate\Documents\MATLAB\airplay\custom\matlab_msg_gen\win64\install\setup.ps1'
[47.618s] [34mcolcon.colcon_core.shell[0m [1;30mINFO[0m Creating prefix script 'C:\Users\ifate\Documents\MATLAB\airplay\custom\matlab_msg_gen\win64\install\local_setup.bat'
[47.623s] [34mcolcon.colcon_core.shell[0m [1;30mINFO[0m Creating prefix util module 'C:\Users\ifate\Documents\MATLAB\airplay\custom\matlab_msg_gen\win64\install\_local_setup_util_bat.py'
[47.628s] [34mcolcon.colcon_core.shell[0m [1;30mINFO[0m Creating prefix chain script 'C:\Users\ifate\Documents\MATLAB\airplay\custom\matlab_msg_gen\win64\install\setup.bat'
